#
# A fatal error has been detected by the Java Runtime Environment:
#
#  SIGBUS (0xa) at pc=0x000000010a44d4f0, pid=58717, tid=29967
#
# JRE version: OpenJDK Runtime Environment Temurin-17.0.3+7 (17.0.3+7) (build 17.0.3+7)
# Java VM: OpenJDK 64-Bit Server VM Temurin-17.0.3+7 (17.0.3+7, mixed mode, tiered, compressed oops, compressed class ptrs, g1 gc, bsd-aarch64)
# Problematic frame:
# v  ~StubRoutines::SafeFetchN
#
# No core dump will be written. Core dumps have been disabled. To enable core dumping, try "ulimit -c unlimited" before starting Java again
#
# If you would like to submit a bug report, please visit:
#   https://github.com/adoptium/adoptium-support/issues
# The crash happened outside the Java Virtual Machine in native code.
# See problematic frame for where to report the bug.
#

---------------  S U M M A R Y ------------

Command Line: -XX:+ShowCodeDetailsInExceptionMessages -Dfile.encoding=UTF-8 --module-path=/Users/OskarSMoe/Desktop/TDT4100_prosjekt_tallakr-main 2/target/classes:/Users/OskarSMoe/.m2/repository/org/openjfx/javafx-fxml/17-ea+8/javafx-fxml-17-ea+8-mac-aarch64.jar:/Users/OskarSMoe/.m2/repository/org/openjfx/javafx-controls/17-ea+8/javafx-controls-17-ea+8-mac-aarch64.jar:/Users/OskarSMoe/.m2/repository/org/openjfx/javafx-graphics/17-ea+8/javafx-graphics-17-ea+8-mac-aarch64.jar:/Users/OskarSMoe/.m2/repository/org/openjfx/javafx-base/17-ea+8/javafx-base-17-ea+8-mac-aarch64.jar -Djdk.module.main=TDT4100_project TDT4100_project/tdt4100_gg_prosjekt.BlackJackApp

Host: "MacBookPro18,3" arm64, 8 cores, 16G, Darwin 21.3.0, macOS 12.2 (21D49)
Time: Sun Aug 14 15:45:21 2022 CEST elapsed time: 1.257385 seconds (0d 0h 0m 1s)

---------------  T H R E A D  ---------------

Current thread (0x000000013a824c00):  JavaThread "InvokeLaterDispatcher" daemon [_thread_in_native, id=29967, stack(0x00000001718a8000,0x0000000171aab000)]

Stack: [0x00000001718a8000,0x0000000171aab000],  sp=0x0000000171aaa780,  free space=2057k
Native frames: (J=compiled Java code, j=interpreted, Vv=VM code, C=native code)
v  ~StubRoutines::SafeFetchN
V  [libjvm.dylib+0x7ba8fc]  OopStorage::release(oopDesc* const*)+0x20
V  [libjvm.dylib+0x4c55f0]  jni_DeleteGlobalRef+0xd8
C  [libglass.dylib+0xa880]  -[GlassRunnable dealloc]+0x34
C  [Foundation+0x84c7c]  -[_NSThreadPerformInfo dealloc]+0x30
C  [Foundation+0x51578]  -[NSObject(NSThreadPerformAdditions) performSelectorOnMainThread:withObject:waitUntilDone:]+0x88
C  0xf01c00010a4558ac
j  com.sun.glass.ui.mac.MacApplication.submitForLaterInvocation(Ljava/lang/Runnable;)V+2 javafx.graphics
j  com.sun.glass.ui.InvokeLaterDispatcher.run()V+82 javafx.graphics
v  ~StubRoutines::call_stub
V  [libjvm.dylib+0x46a690]  JavaCalls::call_helper(JavaValue*, methodHandle const&, JavaCallArguments*, JavaThread*)+0x38c
V  [libjvm.dylib+0x4696ac]  JavaCalls::call_virtual(JavaValue*, Klass*, Symbol*, Symbol*, JavaCallArguments*, JavaThread*)+0x11c
V  [libjvm.dylib+0x469778]  JavaCalls::call_virtual(JavaValue*, Handle, Klass*, Symbol*, Symbol*, JavaThread*)+0x64
V  [libjvm.dylib+0x521de4]  thread_entry(JavaThread*, JavaThread*)+0xc4
V  [libjvm.dylib+0x9a2540]  JavaThread::thread_main_inner()+0x13c
V  [libjvm.dylib+0x9a0c1c]  Thread::call_run()+0x128
V  [libjvm.dylib+0x7c1708]  thread_native_entry(Thread*)+0x158
C  [libsystem_pthread.dylib+0x7240]  _pthread_start+0x94

Java frames: (J=compiled Java code, j=interpreted, Vv=VM code)
j  com.sun.glass.ui.mac.MacApplication._submitForLaterInvocation(Ljava/lang/Runnable;)V+0 javafx.graphics
j  com.sun.glass.ui.mac.MacApplication.submitForLaterInvocation(Ljava/lang/Runnable;)V+2 javafx.graphics
j  com.sun.glass.ui.InvokeLaterDispatcher.run()V+82 javafx.graphics
v  ~StubRoutines::call_stub

siginfo: si_signo: 10 (SIGBUS), si_code: 1 (BUS_ADRALN), si_addr: 0x000000010a44d4f0

Register to memory mapping:

 x0=0x000000013a228f88 is a global jni handle
 x1=0x0 is NULL
 x2=0x000000070fec1798 is an oop: com.sun.glass.ui.InvokeLaterDispatcher$Future 
{0x000000070fec1798} - klass: 'com/sun/glass/ui/InvokeLaterDispatcher$Future'
 - ---- fields (total size 3 words):
 - private 'done' 'Z' @12  true
 - private final 'runnable' 'Ljava/lang/Runnable;' @16  a 'com/sun/javafx/tk/quantum/QuantumToolkit$$Lambda$83+0x00000008000f8000'{0x000000070d6278d8} (e1ac4f1b)
 - final synthetic 'this$0' 'Lcom/sun/glass/ui/InvokeLaterDispatcher;' @20  a 'com/sun/glass/ui/InvokeLaterDispatcher'{0x000000070d6321b0} (e1ac6436)
 x3=0x0 is NULL
 x4=0x00000000000130a8 is an unknown value
 x5=0x0 is NULL
 x6=0x0 is NULL
 x7=0x0000000000000003 is an unknown value
 x8=0x000000010a44d4ec is at begin+0 in a stub
StubRoutines::SafeFetchN [0x000000010a44d4ec, 0x000000010a44d4f8] (12 bytes)
 x9=0x0 is NULL
x10=0x2010000030300000 is an unknown value
x11=0x0000000000000007 is an unknown value
x12=0x0000000000000007 is an unknown value
x13=0x00000001396684b0 points into unknown readable memory: 0xb36b000197d69738 | 38 97 d6 97 01 00 6b b3
x14=0x0000000000000001 is an unknown value
x15=0x0000000101799f98: OBJC_CLASS_$_GlassRunnable+0 in /Users/OskarSMoe/.openjfx/cache/17-ea/libglass.dylib at 0x0000000101754000
x16=0x0000000196dd8094: pthread_getspecific+0 in /usr/lib/system/libsystem_pthread.dylib at 0x0000000196dd6000
x17=0x0000000139653640 points into unknown readable memory: 0xfffffffffffffffe | fe ff ff ff ff ff ff ff
x18=0x0 is NULL
x19=0x000000013a221950 points into unknown readable memory: 0x000000013a210040 | 40 00 21 3a 01 00 00 00
x20=0x000000013a228d80 points into unknown readable memory: 0x0000000000000000 | 00 00 00 00 00 00 00 00
x21=0x000000013a228f88 is a global jni handle
x22=0x000000013a824c00 is a thread
x23=0x0000000000000001 is an unknown value
x24=0x000000013a228f40 is a global jni handle
x25=0x000000010746ca98: _ZN12StubRoutines17_safefetchN_entryE+0 in /Users/OskarSMoe/.vscode/extensions/redhat.java-1.9.0-darwin-arm64/jre/17.0.3-macosx-aarch64/lib/server/libjvm.dylib at 0x0000000106808000
x26=0x0000000124695780 is pointing into metadata
x27=0x0 is NULL
x28=0x000000013a824c00 is a thread


Registers:
 x0=0x000000013a228f88  x1=0x0000000000000000  x2=0x000000070fec1798  x3=0x0000000000000000
 x4=0x00000000000130a8  x5=0x0000000000000000  x6=0x0000000000000000  x7=0x0000000000000003
 x8=0x000000010a44d4ec  x9=0x0000000000000000 x10=0x2010000030300000 x11=0x0000000000000007
x12=0x0000000000000007 x13=0x00000001396684b0 x14=0x0000000000000001 x15=0x0000000101799f98
x16=0x0000000196dd8094 x17=0x0000000139653640 x18=0x0000000000000000 x19=0x000000013a221950
x20=0x000000013a228d80 x21=0x000000013a228f88 x22=0x000000013a824c00 x23=0x0000000000000001
x24=0x000000013a228f40 x25=0x000000010746ca98 x26=0x0000000124695780 x27=0x0000000000000000
x28=0x000000013a824c00  fp=0x0000000171aaa7c0  lr=0x0000000106fc16cc  sp=0x0000000171aaa780
pc=0x000000010a44d4f0 cpsr=0x0000000060001000
Top of Stack: (sp=0x0000000171aaa780)
0x0000000171aaa780:   0000000124695780 0000000000000001
0x0000000171aaa790:   0000000171aaa988 0000000000000000
0x0000000171aaa7a0:   000000013a8330a8 000000013a228f40
0x0000000171aaa7b0:   000000013a228f40 000000013a221950
0x0000000171aaa7c0:   0000000171aaa800 0000000106fc28fc
0x0000000171aaa7d0:   0000000000000001 000000013a228f40
0x0000000171aaa7e0:   000000013a8330a8 000000013a228f40
0x0000000171aaa7f0:   0000000000000001 000000013a832e00
0x0000000171aaa800:   0000000171aaa840 0000000106ccd5f0
0x0000000171aaa810:   0000000171aaa988 000000013ee4ff80
0x0000000171aaa820:   000000013ee7a400 00000001e13529e3
0x0000000171aaa830:   0000000000000000 000000013ee7a400
0x0000000171aaa840:   0000000171aaa870 000000010175e880
0x0000000171aaa850:   368b1f2a46b1009e 0000000000000000
0x0000000171aaa860:   0000000000000000 000000013ee1b540
0x0000000171aaa870:   0000000171aaa8b0 0000000197d9cc7c
0x0000000171aaa880:   0000000171aaa988 000000013ee4ff80
0x0000000171aaa890:   000000013ee7a400 368b1f2a46b1009e
0x0000000171aaa8a0:   0000000000000000 0000000000000000
0x0000000171aaa8b0:   0000000171aaa8f0 9939000197d69578
0x0000000171aaa8c0:   0000000171aaa988 000000010a4547c0
0x0000000171aaa8d0:   0000000000000000 0000000107474458
0x0000000171aaa8e0:   0000000171aaa900 000000010a453730
0x0000000171aaa8f0:   0000000171aaa960 f01c00010a4558ac
0x0000000171aaa900:   0000000171aaa900 0000000124164d8d
0x0000000171aaa910:   0000000171aaa910 0000000000000000
0x0000000171aaa920:   0000000171aaa988 0000000124695780
0x0000000171aaa930:   000000070d619470 0000000000000000
0x0000000171aaa940:   0000000000000000 0000000124670488
0x0000000171aaa950:   0000000000000000 0000000171aaa960
0x0000000171aaa960:   0000000171aaa9e0 000000010a451fc8
0x0000000171aaa970:   0000000000000000 0000000000000000 

Instructions: (pc=0x000000010a44d4f0)
0x000000010a44d3f0:   f2a0e869 f2c00029 6d425935 1e640886
0x000000010a44d400:   0c402d31 1e6408c7 1f5654d0 1e6c1017
0x000000010a44d410:   1f5050d0 1f504cd0 1f5048d0 1e650af6
0x000000010a44d420:   1f50d8f6 1f5694d6 1f5158f6 1e762880
0x000000010a44d430:   36000501 1e614000 14000026 2e251ca5
0x000000010a44d440:   d2923009 f2a0e869 f2c00029 6d425d36
0x000000010a44d450:   1e600806 0c402d32 1f5758c7 1e6c101a
0x000000010a44d460:   1f4754c7 1e650805 1f4750c7 d2866668
0x000000010a44d470:   f2a7fa68 1f474cc7 1e6608c0 1f4748c7
0x000000010a44d480:   1e6e1019 eb08007f 540000ac 1f479400
0x000000010a44d490:   1f460340 1e603b20 1400000e d2a7fd29
0x000000010a44d4a0:   eb09007f 540000ac 51480069 d3607d29
0x000000010a44d4b0:   9e670121 14000002 1e6a5001 1f679417
0x000000010a44d4c0:   1f668742 1e613b23 1e773857 1e773860
0x000000010a44d4d0:   a8c17ff3 910003bf a8c17bfd d65f03c0
0x000000010a44d4e0:   b9400001 aa0103e0 d65f03c0 f9400001
0x000000010a44d4f0:   aa0103e0 d65f03c0 00000000 00000000
0x000000010a44d500:   00000000 00000000 00000000 00000000
0x000000010a44d510:   00000000 00000000 00000000 00000000
0x000000010a44d520:   00000000 00000000 00000000 00000000
0x000000010a44d530:   00000000 00000000 00000000 00000000
0x000000010a44d540:   00000000 00000000 00000000 00000000
0x000000010a44d550:   00000000 00000000 00000000 00000000
0x000000010a44d560:   00000000 00000000 00000000 00000000
0x000000010a44d570:   00000000 00000000 00000000 00000000
0x000000010a44d580:   00000000 00000000 00000000 00000000
0x000000010a44d590:   00000000 00000000 00000000 00000000
0x000000010a44d5a0:   00000000 00000000 00000000 00000000
0x000000010a44d5b0:   00000000 00000000 00000000 00000000
0x000000010a44d5c0:   00000000 00000000 00000000 00000000
0x000000010a44d5d0:   00000000 00000000 00000000 00000000
0x000000010a44d5e0:   00000000 00000000 00000000 00000000 


Stack slot to memory mapping:
stack at sp + 0 slots: 0x0000000124695780 is pointing into metadata
stack at sp + 1 slots: 0x0000000000000001 is an unknown value
stack at sp + 2 slots: 0x0000000171aaa988 is pointing into the stack for thread: 0x000000013a824c00
stack at sp + 3 slots: 0x0 is NULL
stack at sp + 4 slots: 0x000000013a8330a8 points into unknown readable memory: 0x00000001074268a0 | a0 68 42 07 01 00 00 00
stack at sp + 5 slots: 0x000000013a228f40 is a global jni handle
stack at sp + 6 slots: 0x000000013a228f40 is a global jni handle
stack at sp + 7 slots: 0x000000013a221950 points into unknown readable memory: 0x000000013a210040 | 40 00 21 3a 01 00 00 00

StubRoutines::SafeFetchN [0x000000010a44d4ec, 0x000000010a44d4f8] (12 bytes)
[MachCode]
  0x000000010a44d4ec: 0100 40f9 | e003 01aa | c003 5fd6 
[/MachCode]

---------------  P R O C E S S  ---------------

Threads class SMR info:
_java_thread_list=0x0000000168506510, length=18, elements={
0x000000013c80a200, 0x0000000124808200, 0x0000000124808800, 0x000000012700b200,
0x000000012700b800, 0x0000000127008200, 0x0000000127008800, 0x0000000127008e00,
0x0000000127009400, 0x000000012480a600, 0x000000013b02f400, 0x000000012701e400,
0x000000013a824c00, 0x000000013a832e00, 0x000000013a917800, 0x0000000127141a00,
0x000000013b0dba00, 0x0000000127158600
}

Java Threads: ( => current thread )
  0x000000013c80a200 JavaThread "main" [_thread_blocked, id=6403, stack(0x000000016f0ac000,0x000000016f2af000)]
  0x0000000124808200 JavaThread "Reference Handler" daemon [_thread_blocked, id=17411, stack(0x000000016ff00000,0x0000000170103000)]
  0x0000000124808800 JavaThread "Finalizer" daemon [_thread_blocked, id=16387, stack(0x000000017010c000,0x000000017030f000)]
  0x000000012700b200 JavaThread "Signal Dispatcher" daemon [_thread_blocked, id=42499, stack(0x0000000170430000,0x0000000170633000)]
  0x000000012700b800 JavaThread "Service Thread" daemon [_thread_blocked, id=23043, stack(0x000000017063c000,0x000000017083f000)]
  0x0000000127008200 JavaThread "Monitor Deflation Thread" daemon [_thread_blocked, id=23555, stack(0x0000000170848000,0x0000000170a4b000)]
  0x0000000127008800 JavaThread "C2 CompilerThread0" daemon [_thread_blocked, id=41987, stack(0x0000000170a54000,0x0000000170c57000)]
  0x0000000127008e00 JavaThread "C1 CompilerThread0" daemon [_thread_blocked, id=41475, stack(0x0000000170c60000,0x0000000170e63000)]
  0x0000000127009400 JavaThread "Sweeper thread" daemon [_thread_blocked, id=24323, stack(0x0000000170e6c000,0x000000017106f000)]
  0x000000012480a600 JavaThread "Common-Cleaner" daemon [_thread_blocked, id=24835, stack(0x0000000171078000,0x000000017127b000)]
  0x000000013b02f400 JavaThread "Notification Thread" daemon [_thread_blocked, id=40963, stack(0x0000000171284000,0x0000000171487000)]
  0x000000012701e400 JavaThread "QuantumRenderer-0" daemon [_thread_blocked, id=25603, stack(0x000000017169c000,0x000000017189f000)]
=>0x000000013a824c00 JavaThread "InvokeLaterDispatcher" daemon [_thread_in_native, id=29967, stack(0x00000001718a8000,0x0000000171aab000)]
  0x000000013a832e00 JavaThread "JavaFX Application Thread" [_thread_in_vm, id=259, stack(0x000000016e824000,0x000000016f020000)]
  0x000000013a917800 JavaThread "JavaFX-Launcher" [_thread_blocked, id=51219, stack(0x0000000171d4c000,0x0000000171f4f000)]
  0x0000000127141a00 JavaThread "Prism Font Disposer" daemon [_thread_blocked, id=78631, stack(0x0000000172994000,0x0000000172b97000)]
  0x000000013b0dba00 JavaThread "PulseTimer-CVDisplayLink thread" daemon [_thread_in_native, id=72707, stack(0x0000000171ab4000,0x0000000171b37000)]
  0x0000000127158600 JavaThread "Cleaner-0" daemon [_thread_blocked, id=66331, stack(0x00000001774f4000,0x00000001776f7000)]

Other Threads:
  0x000000013a226a30 VMThread "VM Thread" [stack: 0x000000016fcf4000,0x000000016fef7000] [id=15619] _threads_hazard_ptr=0x0000000168506510
  0x000000013973ad10 WatcherThread [stack: 0x0000000171490000,0x0000000171693000] [id=40707]
  0x000000013a315ce0 GCTaskThread "GC Thread#0" [stack: 0x000000016f2b8000,0x000000016f4bb000] [id=13315]
  0x00000001014b5ac0 GCTaskThread "GC Thread#1" [stack: 0x0000000171f58000,0x000000017215b000] [id=74243]
  0x00000001014b6390 GCTaskThread "GC Thread#2" [stack: 0x0000000172164000,0x0000000172367000] [id=53763]
  0x00000001397cb930 GCTaskThread "GC Thread#3" [stack: 0x0000000172370000,0x0000000172573000] [id=73731]
  0x00000001397cc590 GCTaskThread "GC Thread#4" [stack: 0x000000017257c000,0x000000017277f000] [id=54531]
  0x00000001397cd230 GCTaskThread "GC Thread#5" [stack: 0x0000000172788000,0x000000017298b000] [id=55043]
  0x000000013a480bc0 GCTaskThread "GC Thread#6" [stack: 0x0000000177700000,0x0000000177903000] [id=60975]
  0x000000013a481220 GCTaskThread "GC Thread#7" [stack: 0x000000017790c000,0x0000000177b0f000] [id=61443]
  0x000000013a10d6c0 ConcurrentGCThread "G1 Main Marker" [stack: 0x000000016f4c4000,0x000000016f6c7000] [id=20739]
  0x000000013a10e390 ConcurrentGCThread "G1 Conc#0" [stack: 0x000000016f6d0000,0x000000016f8d3000] [id=14083]
  0x000000013a360290 ConcurrentGCThread "G1 Conc#1" [stack: 0x0000000177b18000,0x0000000177d1b000] [id=65283]
  0x000000013971fff0 ConcurrentGCThread "G1 Refine#0" [stack: 0x000000016f8dc000,0x000000016fadf000] [id=14595]
  0x000000013a372150 ConcurrentGCThread "G1 Refine#1" [stack: 0x0000000177d24000,0x0000000177f27000] [id=61699]
  0x000000013a0111f0 ConcurrentGCThread "G1 Refine#2" [stack: 0x0000000280004000,0x0000000280207000] [id=64515]
  0x000000013a2053c0 ConcurrentGCThread "G1 Service" [stack: 0x000000016fae8000,0x000000016fceb000] [id=14851]

Threads with active compile tasks:

VM state: synchronizing (normal execution)

VM Mutex/Monitor currently owned by a thread:  ([mutex/lock_event])
[0x000000013a109820] Threads_lock - owner thread: 0x000000013a226a30
[0x000000013a10a230] Heap_lock - owner thread: 0x000000013a10d6c0

Heap address: 0x0000000700000000, size: 4096 MB, Compressed Oops mode: Zero based, Oop shift amount: 3

CDS archive(s) not mapped
Compressed class space mapped at: 0x0000000800000000-0x0000000840000000, reserved size: 1073741824
Narrow klass base: 0x0000000800000000, Narrow klass shift: 0, Narrow klass range: 0x40000000

GC Precious Log:
 CPUs: 8 total, 8 available
 Memory: 16384M
 Large Page Support: Disabled
 NUMA Support: Disabled
 Compressed Oops: Enabled (Zero based)
 Heap Region Size: 2M
 Heap Min Capacity: 8M
 Heap Initial Capacity: 256M
 Heap Max Capacity: 4G
 Pre-touch: Disabled
 Parallel Workers: 8
 Concurrent Workers: 2
 Concurrent Refinement Workers: 8
 Periodic GC: Disabled

Heap:
 garbage-first heap   total 137216K, used 39024K [0x0000000700000000, 0x0000000800000000)
  region size 2048K, 5 young (10240K), 3 survivors (6144K)
 Metaspace       used 21323K, committed 21568K, reserved 1073152K
  class space    used 2935K, committed 3072K, reserved 1048576K

Heap Regions: E=young(eden), S=young(survivor), O=old, HS=humongous(starts), HC=humongous(continues), CS=collection set, F=free, OA=open archive, CA=closed archive, TAMS=top-at-mark-start (previous, next)
|   0|0x0000000700000000, 0x0000000700200000, 0x0000000700200000|100%|HS|  |TAMS 0x0000000700200000, 0x0000000700000000| Complete 
|   1|0x0000000700200000, 0x0000000700400000, 0x0000000700400000|100%|HC|  |TAMS 0x0000000700400000, 0x0000000700200000| Complete 
|   2|0x0000000700400000, 0x0000000700600000, 0x0000000700600000|100%|HC|  |TAMS 0x0000000700600000, 0x0000000700400000| Complete 
|   3|0x0000000700600000, 0x0000000700800000, 0x0000000700800000|100%|HC|  |TAMS 0x0000000700800000, 0x0000000700600000| Complete 
|   4|0x0000000700800000, 0x0000000700a00000, 0x0000000700a00000|100%|HC|  |TAMS 0x0000000700a00000, 0x0000000700800000| Complete 
|   5|0x0000000700a00000, 0x0000000700c00000, 0x0000000700c00000|100%|HC|  |TAMS 0x0000000700c00000, 0x0000000700a00000| Complete 
|   6|0x0000000700c00000, 0x0000000700e00000, 0x0000000700e00000|100%|HC|  |TAMS 0x0000000700e00000, 0x0000000700c00000| Complete 
|   7|0x0000000700e00000, 0x0000000701000000, 0x0000000701000000|100%|HC|  |TAMS 0x0000000701000000, 0x0000000700e00000| Complete 
|   8|0x0000000701000000, 0x0000000701200000, 0x0000000701200000|100%|HC|  |TAMS 0x0000000701200000, 0x0000000701000000| Complete 
|   9|0x0000000701200000, 0x0000000701400000, 0x0000000701400000|100%|HC|  |TAMS 0x0000000701400000, 0x0000000701200000| Complete 
|  10|0x0000000701400000, 0x0000000701600000, 0x0000000701600000|100%|HC|  |TAMS 0x0000000701600000, 0x0000000701400000| Complete 
|  11|0x0000000701600000, 0x0000000701800000, 0x0000000701800000|100%|HS|  |TAMS 0x0000000701800000, 0x0000000701600000| Complete 
|  12|0x0000000701800000, 0x0000000701a00000, 0x0000000701a00000|100%|HS|  |TAMS 0x0000000701a00000, 0x0000000701800000| Complete 
|  13|0x0000000701a00000, 0x0000000701c00000, 0x0000000701c00000|100%|HS|  |TAMS 0x0000000701c00000, 0x0000000701a00000| Complete 
|  14|0x0000000701c00000, 0x0000000701e00000, 0x0000000701e00000|100%| O|  |TAMS 0x0000000701c00000, 0x0000000701c00000| Untracked 
|  15|0x0000000701e00000, 0x0000000701e1c000, 0x0000000702000000|  5%| O|  |TAMS 0x0000000701e00000, 0x0000000701e00000| Updating 
|  16|0x0000000702000000, 0x0000000702000000, 0x0000000702200000|  0%| F|  |TAMS 0x0000000702000000, 0x0000000702000000| Untracked 
|  17|0x0000000702200000, 0x0000000702200000, 0x0000000702400000|  0%| F|  |TAMS 0x0000000702200000, 0x0000000702200000| Untracked 
|  18|0x0000000702400000, 0x0000000702400000, 0x0000000702600000|  0%| F|  |TAMS 0x0000000702400000, 0x0000000702400000| Untracked 
|  19|0x0000000702600000, 0x0000000702600000, 0x0000000702800000|  0%| F|  |TAMS 0x0000000702600000, 0x0000000702600000| Untracked 
|  20|0x0000000702800000, 0x0000000702800000, 0x0000000702a00000|  0%| F|  |TAMS 0x0000000702800000, 0x0000000702800000| Untracked 
|  21|0x0000000702a00000, 0x0000000702a00000, 0x0000000702c00000|  0%| F|  |TAMS 0x0000000702a00000, 0x0000000702a00000| Untracked 
|  22|0x0000000702c00000, 0x0000000702c00000, 0x0000000702e00000|  0%| F|  |TAMS 0x0000000702c00000, 0x0000000702c00000| Untracked 
|  23|0x0000000702e00000, 0x0000000702e00000, 0x0000000703000000|  0%| F|  |TAMS 0x0000000702e00000, 0x0000000702e00000| Untracked 
|  24|0x0000000703000000, 0x0000000703000000, 0x0000000703200000|  0%| F|  |TAMS 0x0000000703000000, 0x0000000703000000| Untracked 
|  25|0x0000000703200000, 0x0000000703200000, 0x0000000703400000|  0%| F|  |TAMS 0x0000000703200000, 0x0000000703200000| Untracked 
|  26|0x0000000703400000, 0x0000000703400000, 0x0000000703600000|  0%| F|  |TAMS 0x0000000703400000, 0x0000000703400000| Untracked 
|  27|0x0000000703600000, 0x0000000703600000, 0x0000000703800000|  0%| F|  |TAMS 0x0000000703600000, 0x0000000703600000| Untracked 
|  28|0x0000000703800000, 0x0000000703800000, 0x0000000703a00000|  0%| F|  |TAMS 0x0000000703800000, 0x0000000703800000| Untracked 
|  29|0x0000000703a00000, 0x0000000703a00000, 0x0000000703c00000|  0%| F|  |TAMS 0x0000000703a00000, 0x0000000703a00000| Untracked 
|  30|0x0000000703c00000, 0x0000000703c00000, 0x0000000703e00000|  0%| F|  |TAMS 0x0000000703c00000, 0x0000000703c00000| Untracked 
|  31|0x0000000703e00000, 0x0000000703e00000, 0x0000000704000000|  0%| F|  |TAMS 0x0000000703e00000, 0x0000000703e00000| Untracked 
|  32|0x0000000704000000, 0x0000000704000000, 0x0000000704200000|  0%| F|  |TAMS 0x0000000704000000, 0x0000000704000000| Untracked 
|  33|0x0000000704200000, 0x0000000704200000, 0x0000000704400000|  0%| F|  |TAMS 0x0000000704200000, 0x0000000704200000| Untracked 
|  34|0x0000000704400000, 0x0000000704400000, 0x0000000704600000|  0%| F|  |TAMS 0x0000000704400000, 0x0000000704400000| Untracked 
|  35|0x0000000704600000, 0x0000000704600000, 0x0000000704800000|  0%| F|  |TAMS 0x0000000704600000, 0x0000000704600000| Untracked 
|  36|0x0000000704800000, 0x0000000704800000, 0x0000000704a00000|  0%| F|  |TAMS 0x0000000704800000, 0x0000000704800000| Untracked 
|  37|0x0000000704a00000, 0x0000000704a00000, 0x0000000704c00000|  0%| F|  |TAMS 0x0000000704a00000, 0x0000000704a00000| Untracked 
|  38|0x0000000704c00000, 0x0000000704c00000, 0x0000000704e00000|  0%| F|  |TAMS 0x0000000704c00000, 0x0000000704c00000| Untracked 
|  39|0x0000000704e00000, 0x0000000704e00000, 0x0000000705000000|  0%| F|  |TAMS 0x0000000704e00000, 0x0000000704e00000| Untracked 
|  40|0x0000000705000000, 0x0000000705000000, 0x0000000705200000|  0%| F|  |TAMS 0x0000000705000000, 0x0000000705000000| Untracked 
|  41|0x0000000705200000, 0x0000000705200000, 0x0000000705400000|  0%| F|  |TAMS 0x0000000705200000, 0x0000000705200000| Untracked 
|  42|0x0000000705400000, 0x0000000705400000, 0x0000000705600000|  0%| F|  |TAMS 0x0000000705400000, 0x0000000705400000| Untracked 
|  43|0x0000000705600000, 0x0000000705600000, 0x0000000705800000|  0%| F|  |TAMS 0x0000000705600000, 0x0000000705600000| Untracked 
|  44|0x0000000705800000, 0x0000000705800000, 0x0000000705a00000|  0%| F|  |TAMS 0x0000000705800000, 0x0000000705800000| Untracked 
|  45|0x0000000705a00000, 0x0000000705a00000, 0x0000000705c00000|  0%| F|  |TAMS 0x0000000705a00000, 0x0000000705a00000| Untracked 
|  46|0x0000000705c00000, 0x0000000705c00000, 0x0000000705e00000|  0%| F|  |TAMS 0x0000000705c00000, 0x0000000705c00000| Untracked 
|  47|0x0000000705e00000, 0x0000000705e00000, 0x0000000706000000|  0%| F|  |TAMS 0x0000000705e00000, 0x0000000705e00000| Untracked 
|  48|0x0000000706000000, 0x0000000706000000, 0x0000000706200000|  0%| F|  |TAMS 0x0000000706000000, 0x0000000706000000| Untracked 
|  49|0x0000000706200000, 0x0000000706200000, 0x0000000706400000|  0%| F|  |TAMS 0x0000000706200000, 0x0000000706200000| Untracked 
|  50|0x0000000706400000, 0x0000000706400000, 0x0000000706600000|  0%| F|  |TAMS 0x0000000706400000, 0x0000000706400000| Untracked 
|  51|0x0000000706600000, 0x0000000706600000, 0x0000000706800000|  0%| F|  |TAMS 0x0000000706600000, 0x0000000706600000| Untracked 
|  52|0x0000000706800000, 0x0000000706800000, 0x0000000706a00000|  0%| F|  |TAMS 0x0000000706800000, 0x0000000706800000| Untracked 
|  53|0x0000000706a00000, 0x0000000706a00000, 0x0000000706c00000|  0%| F|  |TAMS 0x0000000706a00000, 0x0000000706a00000| Untracked 
|  54|0x0000000706c00000, 0x0000000706c00000, 0x0000000706e00000|  0%| F|  |TAMS 0x0000000706c00000, 0x0000000706c00000| Untracked 
|  55|0x0000000706e00000, 0x0000000706e00000, 0x0000000707000000|  0%| F|  |TAMS 0x0000000706e00000, 0x0000000706e00000| Untracked 
|  56|0x0000000707000000, 0x0000000707000000, 0x0000000707200000|  0%| F|  |TAMS 0x0000000707000000, 0x0000000707000000| Untracked 
|  57|0x0000000707200000, 0x0000000707200000, 0x0000000707400000|  0%| F|  |TAMS 0x0000000707200000, 0x0000000707200000| Untracked 
|  58|0x0000000707400000, 0x0000000707400000, 0x0000000707600000|  0%| F|  |TAMS 0x0000000707400000, 0x0000000707400000| Untracked 
|  59|0x0000000707600000, 0x0000000707600000, 0x0000000707800000|  0%| F|  |TAMS 0x0000000707600000, 0x0000000707600000| Untracked 
|  60|0x0000000707800000, 0x0000000707800000, 0x0000000707a00000|  0%| F|  |TAMS 0x0000000707800000, 0x0000000707800000| Untracked 
|  61|0x0000000707a00000, 0x0000000707a00000, 0x0000000707c00000|  0%| F|  |TAMS 0x0000000707a00000, 0x0000000707a00000| Untracked 
|  62|0x0000000707c00000, 0x0000000707c00800, 0x0000000707e00000|  0%| E|  |TAMS 0x0000000707c00000, 0x0000000707c00000| Complete 
| 105|0x000000070d200000, 0x000000070d400000, 0x000000070d400000|100%| S|CS|TAMS 0x000000070d200000, 0x000000070d200000| Complete 
| 106|0x000000070d400000, 0x000000070d600000, 0x000000070d600000|100%| S|CS|TAMS 0x000000070d400000, 0x000000070d400000| Complete 
| 107|0x000000070d600000, 0x000000070d800000, 0x000000070d800000|100%| S|CS|TAMS 0x000000070d600000, 0x000000070d600000| Complete 
| 127|0x000000070fe00000, 0x0000000710000000, 0x0000000710000000|100%| E|CS|TAMS 0x000000070fe00000, 0x000000070fe00000| Complete 

Card table byte_map: [0x0000000106000000,0x0000000106800000] _byte_map_base: 0x0000000102800000

Marking Bits (Prev, Next): (CMBitMap*) 0x000000013b80aa50, (CMBitMap*) 0x000000013b80aa10
 Prev Bits: [0x000000011dc4c000, 0x0000000121c4c000)
 Next Bits: [0x0000000119c4c000, 0x000000011dc4c000)

Polling page: 0x0000000100f60000

Metaspace:

Usage:
  Non-class:     17.96 MB used.
      Class:      2.87 MB used.
       Both:     20.82 MB used.

Virtual space:
  Non-class space:       24.00 MB reserved,      18.06 MB ( 75%) committed,  3 nodes.
      Class space:        1.00 GB reserved,       3.00 MB ( <1%) committed,  1 nodes.
             Both:        1.02 GB reserved,      21.06 MB (  2%) committed. 

Chunk freelists:
   Non-Class:  1.59 MB
       Class:  992.00 KB
        Both:  2.56 MB

MaxMetaspaceSize: unlimited
CompressedClassSpaceSize: 1.00 GB
Initial GC threshold: 21.00 MB
Current GC threshold: 35.12 MB
CDS: off
MetaspaceReclaimPolicy: balanced
 - commit_granule_bytes: 65536.
 - commit_granule_words: 8192.
 - virtual_space_node_default_size: 1048576.
 - enlarge_chunks_in_place: 1.
 - new_chunks_are_fully_committed: 0.
 - uncommit_free_chunks: 1.
 - use_allocation_guard: 0.
 - handle_deallocations: 1.


Internal statistics:

num_allocs_failed_limit: 3.
num_arena_births: 242.
num_arena_deaths: 0.
num_vsnodes_births: 4.
num_vsnodes_deaths: 0.
num_space_committed: 337.
num_space_uncommitted: 0.
num_chunks_returned_to_freelist: 3.
num_chunks_taken_from_freelist: 759.
num_chunk_merges: 3.
num_chunk_splits: 508.
num_chunks_enlarged: 381.
num_purges: 0.
num_inconsistent_stats: 0.

CodeHeap 'non-profiled nmethods': size=120032Kb used=635Kb max_used=635Kb free=119396Kb
 bounds [0x0000000111f14000, 0x0000000112184000, 0x000000011944c000]
CodeHeap 'profiled nmethods': size=120016Kb used=4023Kb max_used=4023Kb free=115992Kb
 bounds [0x000000010a9e0000, 0x000000010add0000, 0x0000000111f14000]
CodeHeap 'non-nmethods': size=5712Kb used=1373Kb max_used=1410Kb free=4338Kb
 bounds [0x000000010a44c000, 0x000000010a6bc000, 0x000000010a9e0000]
 total_blobs=2768 nmethods=2020 adapters=664
 compilation: enabled
              stopped_count=0, restarted_count=0
 full_count=0

Compilation events (20 events):
Event: 1.234 Thread 0x0000000127008e00 2112       1       com.sun.javafx.font.coretext.CTFontStrike::getFontRef (5 bytes)
Event: 1.234 Thread 0x0000000127008e00 nmethod 2112 0x0000000111faf210 code [0x0000000111faf380, 0x0000000111faf468]
Event: 1.234 Thread 0x0000000127008e00 2114       1       com.sun.prism.impl.BaseTexture::getContentHeight (5 bytes)
Event: 1.234 Thread 0x0000000127008e00 nmethod 2114 0x0000000111faf510 code [0x0000000111faf680, 0x0000000111faf768]
Event: 1.234 Thread 0x0000000127008e00 2115       3       com.sun.javafx.font.coretext.CTGlyph::checkBounds (457 bytes)
Event: 1.235 Thread 0x0000000127008e00 nmethod 2115 0x000000010adca490 code [0x000000010adca880, 0x000000010adcbcf8]
Event: 1.235 Thread 0x0000000127008e00 2117       1       com.sun.prism.es2.ES2TextureData::getTexID (5 bytes)
Event: 1.235 Thread 0x0000000127008e00 nmethod 2117 0x0000000111faf810 code [0x0000000111faf980, 0x0000000111fafa68]
Event: 1.253 Thread 0x0000000127008e00 2119   !   3       java.lang.ref.ReferenceQueue::remove (125 bytes)
Event: 1.255 Thread 0x0000000127008800 nmethod 2110 0x0000000111fb0210 code [0x0000000111fb0500, 0x0000000111fb1c60]
Event: 1.255 Thread 0x0000000127008800 2116       4       java.util.HashMap::put (13 bytes)
Event: 1.256 Thread 0x0000000127008800 nmethod 2116 0x0000000111fb2410 code [0x0000000111fb25c0, 0x0000000111fb2760]
Event: 1.256 Thread 0x0000000127008e00 nmethod 2119 0x000000010adcc410 code [0x000000010adcc680, 0x000000010adcce68]
Event: 1.256 Thread 0x0000000127008e00 2120   !   3       jdk.internal.ref.PhantomCleanable::isListEmpty (34 bytes)
Event: 1.257 Thread 0x0000000127008e00 nmethod 2120 0x000000010adcd190 code [0x000000010adcd340, 0x000000010adcd5e8]
Event: 1.257 Thread 0x0000000127008e00 2121       3       java.lang.invoke.MethodHandleNatives$CallSiteContext::run (5 bytes)
Event: 1.257 Thread 0x0000000127008e00 nmethod 2121 0x000000010adcd710 code [0x000000010adcd8c0, 0x000000010adcda58]
Event: 1.257 Thread 0x0000000127008e00 2122       3       jdk.internal.misc.InnocuousThread::eraseThreadLocals (23 bytes)
Event: 1.257 Thread 0x0000000127008e00 nmethod 2122 0x000000010adcdb10 code [0x000000010adcdcc0, 0x000000010adcdee8]
Event: 1.257 Thread 0x0000000127008e00 2124       1       java.util.concurrent.locks.AbstractOwnableSynchronizer::getExclusiveOwnerThread (5 bytes)

GC Heap History (4 events):
Event: 0.568 GC heap before
{Heap before GC invocations=0 (full 0):
 garbage-first heap   total 262144K, used 22528K [0x0000000700000000, 0x0000000800000000)
  region size 2048K, 11 young (22528K), 0 survivors (0K)
 Metaspace       used 12785K, committed 12928K, reserved 1064960K
  class space    used 1505K, committed 1600K, reserved 1048576K
}
Event: 0.570 GC heap after
{Heap after GC invocations=1 (full 0):
 garbage-first heap   total 262144K, used 3400K [0x0000000700000000, 0x0000000800000000)
  region size 2048K, 2 young (4096K), 2 survivors (4096K)
 Metaspace       used 12785K, committed 12928K, reserved 1064960K
  class space    used 1505K, committed 1600K, reserved 1048576K
}
Event: 1.238 GC heap before
{Heap before GC invocations=1 (full 0):
 garbage-first heap   total 262144K, used 66888K [0x0000000700000000, 0x0000000800000000)
  region size 2048K, 20 young (40960K), 2 survivors (4096K)
 Metaspace       used 21301K, committed 21504K, reserved 1073152K
  class space    used 2931K, committed 3072K, reserved 1048576K
}
Event: 1.246 GC heap after
{Heap after GC invocations=2 (full 0):
 garbage-first heap   total 262144K, used 36976K [0x0000000700000000, 0x0000000800000000)
  region size 2048K, 3 young (6144K), 3 survivors (6144K)
 Metaspace       used 21301K, committed 21504K, reserved 1073152K
  class space    used 2931K, committed 3072K, reserved 1048576K
}

Deoptimization events (20 events):
Event: 0.980 Thread 0x000000013a832e00 DEOPT PACKING pc=0x0000000111f863cc sp=0x000000016f019680
Event: 0.980 Thread 0x000000013a832e00 DEOPT UNPACKING pc=0x000000010a48ad1c sp=0x000000016f019600 mode 2
Event: 0.981 Thread 0x000000013a832e00 Uncommon trap: trap_request=0xffffffde fr.pc=0x0000000111f29898 relative=0x0000000000000158
Event: 0.981 Thread 0x000000013a832e00 Uncommon trap: reason=class_check action=maybe_recompile pc=0x0000000111f29898 method=java.lang.String.equals(Ljava/lang/Object;)Z @ 8 c2
Event: 0.981 Thread 0x000000013a832e00 DEOPT PACKING pc=0x0000000111f29898 sp=0x000000016f0197f0
Event: 0.981 Thread 0x000000013a832e00 DEOPT UNPACKING pc=0x000000010a48ad1c sp=0x000000016f019790 mode 2
Event: 0.981 Thread 0x000000013a832e00 Uncommon trap: trap_request=0xffffffbe fr.pc=0x0000000111f75fc8 relative=0x00000000000003c8
Event: 0.981 Thread 0x000000013a832e00 Uncommon trap: reason=profile_predicate action=maybe_recompile pc=0x0000000111f75fc8 method=java.lang.PublicMethods$MethodList.filter([Ljava/lang/reflect/Method;Ljava/lang/String;[Ljava/lang/Class;Z)Ljava/lang/PublicMethods$MethodList; @ 21 c2
Event: 0.981 Thread 0x000000013a832e00 DEOPT PACKING pc=0x0000000111f75fc8 sp=0x000000016f018d10
Event: 0.981 Thread 0x000000013a832e00 DEOPT UNPACKING pc=0x000000010a48ad1c sp=0x000000016f018ca0 mode 2
Event: 1.026 Thread 0x000000013a832e00 Uncommon trap: trap_request=0xffffffbe fr.pc=0x0000000111f75fc8 relative=0x00000000000003c8
Event: 1.026 Thread 0x000000013a832e00 Uncommon trap: reason=profile_predicate action=maybe_recompile pc=0x0000000111f75fc8 method=java.lang.PublicMethods$MethodList.filter([Ljava/lang/reflect/Method;Ljava/lang/String;[Ljava/lang/Class;Z)Ljava/lang/PublicMethods$MethodList; @ 21 c2
Event: 1.026 Thread 0x000000013a832e00 DEOPT PACKING pc=0x0000000111f75fc8 sp=0x000000016f019050
Event: 1.026 Thread 0x000000013a832e00 DEOPT UNPACKING pc=0x000000010a48ad1c sp=0x000000016f018fe0 mode 2
Event: 1.226 Thread 0x000000012701e400 DEOPT PACKING pc=0x000000010adbae74 sp=0x000000017189d0f0
Event: 1.226 Thread 0x000000012701e400 DEOPT UNPACKING pc=0x000000010a48ab7c sp=0x000000017189cd50 mode 0
Event: 1.227 Thread 0x000000012701e400 DEOPT PACKING pc=0x000000010adbae74 sp=0x000000017189d0f0
Event: 1.227 Thread 0x000000012701e400 DEOPT UNPACKING pc=0x000000010a48ab7c sp=0x000000017189cd50 mode 0
Event: 1.227 Thread 0x000000012701e400 DEOPT PACKING pc=0x000000010adbae74 sp=0x000000017189d0f0
Event: 1.227 Thread 0x000000012701e400 DEOPT UNPACKING pc=0x000000010a48ab7c sp=0x000000017189cd50 mode 0

Classes unloaded (0 events):
No events

Classes redefined (0 events):
No events

Internal exceptions (20 events):
Event: 0.836 Thread 0x000000013a832e00 Exception <a 'sun/nio/fs/UnixException'{0x000000070f248b40}> (0x000000070f248b40) 
thrown [../../src/hotspot/share/prims/jni.cpp, line 516]
Event: 0.847 Thread 0x000000013a832e00 Exception <a 'java/io/FileNotFoundException'{0x000000070f2fcc88}> (0x000000070f2fcc88) 
thrown [../../src/hotspot/share/prims/jni.cpp, line 516]
Event: 0.854 Thread 0x000000013a832e00 Exception <a 'java/io/FileNotFoundException'{0x000000070f30a128}> (0x000000070f30a128) 
thrown [../../src/hotspot/share/prims/jni.cpp, line 516]
Event: 0.911 Thread 0x000000013a832e00 Exception <a 'sun/nio/fs/UnixException'{0x000000070ee974c0}> (0x000000070ee974c0) 
thrown [../../src/hotspot/share/prims/jni.cpp, line 516]
Event: 0.918 Thread 0x000000013a832e00 Implicit null exception at 0x0000000111f68014 to 0x0000000111f683a4
Event: 0.918 Thread 0x000000013a832e00 Implicit null exception at 0x0000000111f67214 to 0x0000000111f67598
Event: 0.995 Thread 0x000000013a832e00 Exception <a 'java/lang/ClassNotFoundException'{0x000000070e4de500}: com/sun/javafx/scene/control/skin/resources/controls> (0x000000070e4de500) 
thrown [../../src/hotspot/share/prims/jni.cpp, line 535]
Event: 0.995 Thread 0x000000013a832e00 Exception <a 'java/lang/ClassNotFoundException'{0x000000070e4ec000}: com/sun/javafx/scene/control/skin/resources/controls_no> (0x000000070e4ec000) 
thrown [../../src/hotspot/share/prims/jni.cpp, line 535]
Event: 0.996 Thread 0x000000013a832e00 Exception <a 'java/lang/ClassNotFoundException'{0x000000070e4ed0e0}: com/sun/javafx/scene/control/skin/resources/controls_nb> (0x000000070e4ed0e0) 
thrown [../../src/hotspot/share/prims/jni.cpp, line 535]
Event: 0.996 Thread 0x000000013a832e00 Exception <a 'java/lang/ClassNotFoundException'{0x000000070e4ee1d0}: com/sun/javafx/scene/control/skin/resources/controls_no_NO> (0x000000070e4ee1d0) 
thrown [../../src/hotspot/share/prims/jni.cpp, line 535]
Event: 0.996 Thread 0x000000013a832e00 Exception <a 'java/lang/ClassNotFoundException'{0x000000070e4ef2d8}: com/sun/javafx/scene/control/skin/resources/controls_nb_NO> (0x000000070e4ef2d8) 
thrown [../../src/hotspot/share/prims/jni.cpp, line 535]
Event: 1.011 Thread 0x000000013a832e00 Exception <a 'java/lang/NoSuchMethodError'{0x000000070e2ad7f8}: 'void java.lang.invoke.DirectMethodHandle$Holder.invokeSpecial(java.lang.Object, java.lang.Object, java.lang.Object, java.lang.Object, java.lang.Object, java.lang.Object)'> (0x000000070e2ad7f8) 
thrown [../../src/hotspot/share/interpreter/linkResolver.cpp, line 766]
Event: 1.023 Thread 0x000000013a832e00 Exception <a 'java/lang/NoSuchMethodError'{0x000000070e0de738}: 'java.lang.Object java.lang.invoke.DirectMethodHandle$Holder.invokeInterface(java.lang.Object, java.lang.Object, java.lang.Object)'> (0x000000070e0de738) 
thrown [../../src/hotspot/share/interpreter/linkResolver.cpp, line 766]
Event: 1.023 Thread 0x000000013a832e00 Exception <a 'java/lang/IncompatibleClassChangeError'{0x000000070e0e20c0}: Found class java.lang.Object, but interface was expected> (0x000000070e0e20c0) 
thrown [../../src/hotspot/share/interpreter/linkResolver.cpp, line 833]
Event: 1.070 Thread 0x000000013a832e00 Exception <a 'java/lang/NoSuchMethodError'{0x000000070dff00e0}: 'java.lang.Object java.lang.invoke.DirectMethodHandle$Holder.newInvokeSpecial(java.lang.Object, java.lang.Object, int)'> (0x000000070dff00e0) 
thrown [../../src/hotspot/share/interpreter/linkResolver.cpp, line 766]
Event: 1.163 Thread 0x000000013a832e00 Exception <a 'java/lang/NoSuchMethodError'{0x000000070dd11ce0}: 'long java.lang.invoke.DirectMethodHandle$Holder.invokeStatic(java.lang.Object, java.lang.Object, java.lang.Object)'> (0x000000070dd11ce0) 
thrown [../../src/hotspot/share/interpreter/linkResolver.cpp, line 766]
Event: 1.163 Thread 0x000000013a832e00 Exception <a 'java/lang/NoSuchMethodError'{0x000000070dd15488}: 'long java.lang.invoke.DirectMethodHandle$Holder.invokeStaticInit(java.lang.Object, java.lang.Object, java.lang.Object)'> (0x000000070dd15488) 
thrown [../../src/hotspot/share/interpreter/linkResolver.cpp, line 766]
Event: 1.163 Thread 0x000000012701e400 Exception <a 'java/lang/NoSuchMethodError'{0x000000070ddc39a0}: 'int java.lang.invoke.DirectMethodHandle$Holder.invokeStaticInit(java.lang.Object, java.lang.Object)'> (0x000000070ddc39a0) 
thrown [../../src/hotspot/share/interpreter/linkResolver.cpp, line 766]
Event: 1.164 Thread 0x000000013a832e00 Exception <a 'java/lang/NoSuchMethodError'{0x000000070dd2d090}: 'java.lang.Object java.lang.invoke.DirectMethodHandle$Holder.newInvokeSpecial(java.lang.Object, java.lang.Object, long)'> (0x000000070dd2d090) 
thrown [../../src/hotspot/share/interpreter/linkResolver.cpp, line 766]
Event: 1.164 Thread 0x000000013a832e00 Exception <a 'java/lang/NoSuchMethodError'{0x000000070dd30958}: 'java.lang.Object java.lang.invoke.Invokers$Holder.linkToTargetMethod(java.lang.Object, long, java.lang.Object)'> (0x000000070dd30958) 
thrown [../../src/hotspot/share/interpreter/linkResolver.cpp, line 766]

VM Operations (20 events):
Event: 0.568 Executing VM operation: G1CollectForAllocation
Event: 0.570 Executing VM operation: G1CollectForAllocation done
Event: 0.692 Executing VM operation: HandshakeAllThreads
Event: 0.692 Executing VM operation: HandshakeAllThreads done
Event: 0.741 Executing VM operation: ICBufferFull
Event: 0.741 Executing VM operation: ICBufferFull done
Event: 0.823 Executing VM operation: HandshakeAllThreads
Event: 0.823 Executing VM operation: HandshakeAllThreads done
Event: 0.905 Executing VM operation: ICBufferFull
Event: 0.905 Executing VM operation: ICBufferFull done
Event: 1.010 Executing VM operation: HandshakeAllThreads
Event: 1.010 Executing VM operation: HandshakeAllThreads done
Event: 1.022 Executing VM operation: ICBufferFull
Event: 1.022 Executing VM operation: ICBufferFull done
Event: 1.104 Executing VM operation: ICBufferFull
Event: 1.104 Executing VM operation: ICBufferFull done
Event: 1.238 Executing VM operation: CollectForMetadataAllocation
Event: 1.251 Executing VM operation: CollectForMetadataAllocation done
Event: 1.252 Executing VM operation: G1Concurrent
Event: 1.254 Executing VM operation: G1Concurrent done

Events (20 events):
Event: 1.076 loading class java/util/ConcurrentModificationException
Event: 1.076 loading class java/util/ConcurrentModificationException done
Event: 1.162 loading class java/util/concurrent/ConcurrentLinkedQueue
Event: 1.162 loading class java/util/concurrent/ConcurrentLinkedQueue done
Event: 1.162 loading class java/util/concurrent/ConcurrentLinkedQueue$Node
Event: 1.162 loading class java/util/concurrent/ConcurrentLinkedQueue$Node done
Event: 1.168 loading class java/nio/DirectShortBufferU
Event: 1.169 loading class java/nio/ShortBuffer
Event: 1.169 loading class java/nio/ShortBuffer done
Event: 1.169 loading class java/nio/DirectShortBufferU done
Event: 1.185 loading class jdk/internal/ref/CleanerImpl$InnocuousThreadFactory
Event: 1.185 loading class jdk/internal/ref/CleanerImpl$InnocuousThreadFactory done
Event: 1.185 Thread 0x0000000127158600 Thread added: 0x0000000127158600
Event: 1.185 Protecting memory [0x00000001774f4000,0x0000000177500000] with protection modes 0
Event: 1.187 loading class sun/misc/Unsafe
Event: 1.188 loading class sun/misc/Unsafe done
Event: 1.203 loading class java/nio/DoubleBuffer
Event: 1.203 loading class java/nio/DoubleBuffer done
Event: 1.203 loading class java/nio/DirectFloatBufferU
Event: 1.203 loading class java/nio/DirectFloatBufferU done


Dynamic libraries:
0x0000000100f14000 	/Users/OskarSMoe/.vscode/extensions/redhat.java-1.9.0-darwin-arm64/jre/17.0.3-macosx-aarch64/lib/libjli.dylib
0x00000001a178d000 	/usr/lib/libz.1.dylib
0x00000001a183d000 	/usr/lib/libSystem.B.dylib
0x00000001a1837000 	/usr/lib/system/libcache.dylib
0x00000001a17f5000 	/usr/lib/system/libcommonCrypto.dylib
0x00000001a181e000 	/usr/lib/system/libcompiler_rt.dylib
0x00000001a1815000 	/usr/lib/system/libcopyfile.dylib
0x0000000196b76000 	/usr/lib/system/libcorecrypto.dylib
0x0000000196c1b000 	/usr/lib/system/libdispatch.dylib
0x0000000196de3000 	/usr/lib/system/libdyld.dylib
0x00000001a182d000 	/usr/lib/system/libkeymgr.dylib
0x00000001a17d7000 	/usr/lib/system/libmacho.dylib
0x00000001a0ed7000 	/usr/lib/system/libquarantine.dylib
0x00000001a182a000 	/usr/lib/system/libremovefile.dylib
0x000000019bf75000 	/usr/lib/system/libsystem_asl.dylib
0x0000000196b20000 	/usr/lib/system/libsystem_blocks.dylib
0x0000000196ca1000 	/usr/lib/system/libsystem_c.dylib
0x00000001a1822000 	/usr/lib/system/libsystem_collections.dylib
0x00000001a0396000 	/usr/lib/system/libsystem_configuration.dylib
0x000000019f61a000 	/usr/lib/system/libsystem_containermanager.dylib
0x00000001a153e000 	/usr/lib/system/libsystem_coreservices.dylib
0x0000000199507000 	/usr/lib/system/libsystem_darwin.dylib
0x00000001a182e000 	/usr/lib/system/libsystem_dnssd.dylib
0x0000000196c9e000 	/usr/lib/system/libsystem_featureflags.dylib
0x0000000196df8000 	/usr/lib/system/libsystem_info.dylib
0x00000001a179f000 	/usr/lib/system/libsystem_m.dylib
0x0000000196bf0000 	/usr/lib/system/libsystem_malloc.dylib
0x000000019bf06000 	/usr/lib/system/libsystem_networkextension.dylib
0x000000019995b000 	/usr/lib/system/libsystem_notify.dylib
0x00000001a7a41000 	/usr/lib/system/libsystem_product_info_filter.dylib
0x00000001a039b000 	/usr/lib/system/libsystem_sandbox.dylib
0x00000001a1827000 	/usr/lib/system/libsystem_secinit.dylib
0x0000000196da0000 	/usr/lib/system/libsystem_kernel.dylib
0x0000000196df0000 	/usr/lib/system/libsystem_platform.dylib
0x0000000196dd6000 	/usr/lib/system/libsystem_pthread.dylib
0x000000019d6b2000 	/usr/lib/system/libsystem_symptoms.dylib
0x0000000196b5c000 	/usr/lib/system/libsystem_trace.dylib
0x00000001a1802000 	/usr/lib/system/libunwind.dylib
0x0000000196b22000 	/usr/lib/system/libxpc.dylib
0x0000000196d86000 	/usr/lib/libc++abi.dylib
0x0000000196c62000 	/usr/lib/libobjc.A.dylib
0x00000001a180d000 	/usr/lib/liboah.dylib
0x0000000196d22000 	/usr/lib/libc++.1.dylib
0x00000001ad442000 	/System/Library/Frameworks/Cocoa.framework/Versions/A/Cocoa
0x00000001999bb000 	/System/Library/Frameworks/AppKit.framework/Versions/C/AppKit
0x000000019cef1000 	/System/Library/Frameworks/CoreData.framework/Versions/A/CoreData
0x0000000197d18000 	/System/Library/Frameworks/Foundation.framework/Versions/C/Foundation
0x000000019a872000 	/System/Library/PrivateFrameworks/UIFoundation.framework/Versions/A/UIFoundation
0x00000001a773b000 	/System/Library/PrivateFrameworks/RemoteViewServices.framework/Versions/A/RemoteViewServices
0x000000019fd54000 	/System/Library/PrivateFrameworks/XCTTargetBootstrap.framework/Versions/A/XCTTargetBootstrap
0x00000001a353e000 	/System/Library/PrivateFrameworks/InternationalSupport.framework/Versions/A/InternationalSupport
0x00000001a35c7000 	/System/Library/PrivateFrameworks/UserActivity.framework/Versions/A/UserActivity
0x00000001a2a6c000 	/usr/lib/libspindump.dylib
0x000000019aae2000 	/System/Library/Frameworks/UniformTypeIdentifiers.framework/Versions/A/UniformTypeIdentifiers
0x000000019e2e1000 	/usr/lib/libapp_launch_measurement.dylib
0x000000019d859000 	/System/Library/PrivateFrameworks/CoreAnalytics.framework/Versions/A/CoreAnalytics
0x000000019e2e4000 	/System/Library/PrivateFrameworks/CoreAutoLayout.framework/Versions/A/CoreAutoLayout
0x000000019f657000 	/System/Library/Frameworks/Metal.framework/Versions/A/Metal
0x00000001a03a6000 	/usr/lib/liblangid.dylib
0x000000019fd58000 	/System/Library/PrivateFrameworks/CoreSVG.framework/Versions/A/CoreSVG
0x000000019bfa9000 	/System/Library/PrivateFrameworks/SkyLight.framework/Versions/A/SkyLight
0x000000019c376000 	/System/Library/Frameworks/CoreGraphics.framework/Versions/A/CoreGraphics
0x00000001a7db9000 	/System/Library/Frameworks/Accelerate.framework/Versions/A/Accelerate
0x00000001a24e0000 	/System/Library/PrivateFrameworks/IconServices.framework/Versions/A/IconServices
0x000000019f639000 	/System/Library/Frameworks/IOSurface.framework/Versions/A/IOSurface
0x000000019d889000 	/usr/lib/libDiagnosticMessagesClient.dylib
0x00000001ab202000 	/System/Library/Frameworks/ApplicationServices.framework/Versions/A/ApplicationServices
0x000000019fd3c000 	/System/Library/PrivateFrameworks/DFRFoundation.framework/Versions/A/DFRFoundation
0x000000019925c000 	/usr/lib/libicucore.A.dylib
0x00000001a433f000 	/System/Library/Frameworks/AudioToolbox.framework/Versions/A/AudioToolbox
0x00000001a354a000 	/System/Library/PrivateFrameworks/DataDetectorsCore.framework/Versions/A/DataDetectorsCore
0x00000001b9698000 	/System/Library/PrivateFrameworks/TextInput.framework/Versions/A/TextInput
0x000000019bf20000 	/usr/lib/libMobileGestalt.dylib
0x000000019fa0c000 	/System/Library/Frameworks/Carbon.framework/Versions/A/Frameworks/HIToolbox.framework/Versions/A/HIToolbox
0x000000019dcea000 	/System/Library/Frameworks/QuartzCore.framework/Versions/A/QuartzCore
0x0000000198ed9000 	/System/Library/Frameworks/Security.framework/Versions/A/Security
0x00000001a777b000 	/System/Library/Frameworks/Carbon.framework/Versions/A/Frameworks/SpeechRecognition.framework/Versions/A/SpeechRecognition
0x000000019e038000 	/System/Library/PrivateFrameworks/CoreUI.framework/Versions/A/CoreUI
0x00000001987aa000 	/System/Library/Frameworks/CoreAudio.framework/Versions/A/CoreAudio
0x000000019d97d000 	/System/Library/Frameworks/DiskArbitration.framework/Versions/A/DiskArbitration
0x00000001a2e51000 	/System/Library/PrivateFrameworks/MultitouchSupport.framework/Versions/A/MultitouchSupport
0x000000019bf1e000 	/usr/lib/libenergytrace.dylib
0x0000000199885000 	/System/Library/Frameworks/IOKit.framework/Versions/A/IOKit
0x00000001a7b64000 	/System/Library/Frameworks/CoreServices.framework/Versions/A/CoreServices
0x000000019e271000 	/System/Library/PrivateFrameworks/PerformanceAnalysis.framework/Versions/A/PerformanceAnalysis
0x00000001f8245000 	/System/Library/Frameworks/OpenGL.framework/Versions/A/OpenGL
0x00000001a0df7000 	/System/Library/PrivateFrameworks/MobileKeyBag.framework/Versions/A/MobileKeyBag
0x000000019c986000 	/System/Library/Frameworks/ColorSync.framework/Versions/A/ColorSync
0x0000000196e24000 	/System/Library/Frameworks/CoreFoundation.framework/Versions/A/CoreFoundation
0x000000019ffd9000 	/System/Library/Frameworks/CoreImage.framework/Versions/A/CoreImage
0x00000001985cd000 	/System/Library/Frameworks/CoreText.framework/Versions/A/CoreText
0x000000019fd88000 	/System/Library/Frameworks/ImageIO.framework/Versions/A/ImageIO
0x00000001a1843000 	/System/Library/PrivateFrameworks/SoftLinking.framework/Versions/A/SoftLinking
0x000000019e32e000 	/usr/lib/libxml2.2.dylib
0x00000001a1adc000 	/usr/lib/libcompression.dylib
0x00000001a3497000 	/System/Library/PrivateFrameworks/TextureIO.framework/Versions/A/TextureIO
0x00000001a21fa000 	/usr/lib/libate.dylib
0x00000001a20c2000 	/usr/lib/liblzma.5.dylib
0x0000000197a0c000 	/System/Library/Frameworks/SystemConfiguration.framework/Versions/A/SystemConfiguration
0x00000001a183f000 	/usr/lib/libfakelink.dylib
0x000000019ba4d000 	/System/Library/Frameworks/CFNetwork.framework/Versions/A/CFNetwork
0x00000001a1986000 	/usr/lib/libarchive.2.dylib
0x00000001a03a2000 	/System/Library/PrivateFrameworks/AppleSystemInfo.framework/Versions/A/AppleSystemInfo
0x00000001a0f02000 	/usr/lib/libbsm.0.dylib
0x000000019af85000 	/usr/lib/libnetwork.dylib
0x00000001a17dd000 	/usr/lib/system/libkxld.dylib
0x00000001a0b19000 	/System/Library/PrivateFrameworks/IOMobileFramebuffer.framework/Versions/A/IOMobileFramebuffer
0x0000000214076000 	/usr/lib/libCoreEntitlements.dylib
0x00000001a1520000 	/System/Library/PrivateFrameworks/AppleFSCompression.framework/Versions/A/AppleFSCompression
0x00000001a0eea000 	/usr/lib/libcoretls.dylib
0x00000001a20db000 	/usr/lib/libcoretls_cfhelpers.dylib
0x00000001a1ad7000 	/usr/lib/libpam.2.dylib
0x000000019d2da000 	/usr/lib/libsqlite3.dylib
0x00000001a2143000 	/usr/lib/libxar.1.dylib
0x00000001a1531000 	/usr/lib/libbz2.1.0.dylib
0x00000001a1844000 	/usr/lib/libpcap.A.dylib
0x000000019d6a9000 	/usr/lib/libdns_services.dylib
0x00000001a1aaa000 	/usr/lib/libapple_nghttp2.dylib
0x00000001a1881000 	/usr/lib/libiconv.2.dylib
0x00000001a17d6000 	/usr/lib/libcharset.1.dylib
0x000000019e2ad000 	/System/Library/Frameworks/CoreServices.framework/Versions/A/Frameworks/FSEvents.framework/Versions/A/FSEvents
0x0000000199512000 	/System/Library/Frameworks/CoreServices.framework/Versions/A/Frameworks/CarbonCore.framework/Versions/A/CarbonCore
0x000000019d8e0000 	/System/Library/Frameworks/CoreServices.framework/Versions/A/Frameworks/Metadata.framework/Versions/A/Metadata
0x00000001a1544000 	/System/Library/Frameworks/CoreServices.framework/Versions/A/Frameworks/OSServices.framework/Versions/A/OSServices
0x00000001a1a0c000 	/System/Library/Frameworks/CoreServices.framework/Versions/A/Frameworks/SearchKit.framework/Versions/A/SearchKit
0x000000019d637000 	/System/Library/Frameworks/CoreServices.framework/Versions/A/Frameworks/AE.framework/Versions/A/AE
0x0000000197368000 	/System/Library/Frameworks/CoreServices.framework/Versions/A/Frameworks/LaunchServices.framework/Versions/A/LaunchServices
0x00000001a206b000 	/System/Library/Frameworks/CoreServices.framework/Versions/A/Frameworks/DictionaryServices.framework/Versions/A/DictionaryServices
0x000000019e2ba000 	/System/Library/Frameworks/CoreServices.framework/Versions/A/Frameworks/SharedFileList.framework/Versions/A/SharedFileList
0x00000001a0eda000 	/usr/lib/libCheckFix.dylib
0x000000019bf8d000 	/System/Library/PrivateFrameworks/TCC.framework/Versions/A/TCC
0x00000001a03a8000 	/System/Library/PrivateFrameworks/CoreNLP.framework/Versions/A/CoreNLP
0x000000019d88c000 	/System/Library/PrivateFrameworks/MetadataUtilities.framework/Versions/A/MetadataUtilities
0x0000000197ac5000 	/usr/lib/libmecabra.dylib
0x00000001a0f13000 	/usr/lib/libmecab.dylib
0x0000000197a91000 	/usr/lib/libCRFSuite.dylib
0x00000001a0f71000 	/usr/lib/libgermantok.dylib
0x00000001a1a83000 	/usr/lib/libThaiTokenizer.dylib
0x000000019d985000 	/System/Library/Frameworks/Accelerate.framework/Versions/A/Frameworks/vImage.framework/Versions/A/vImage
0x00000001a7b3b000 	/System/Library/Frameworks/Accelerate.framework/Versions/A/Frameworks/vecLib.framework/Versions/A/vecLib
0x00000001a2187000 	/System/Library/Frameworks/Accelerate.framework/Versions/A/Frameworks/vecLib.framework/Versions/A/libvMisc.dylib
0x00000001a0a23000 	/System/Library/Frameworks/Accelerate.framework/Versions/A/Frameworks/vecLib.framework/Versions/A/libvDSP.dylib
0x00000001976eb000 	/System/Library/Frameworks/Accelerate.framework/Versions/A/Frameworks/vecLib.framework/Versions/A/libBLAS.dylib
0x00000001a1bab000 	/System/Library/Frameworks/Accelerate.framework/Versions/A/Frameworks/vecLib.framework/Versions/A/libLAPACK.dylib
0x00000001a0f74000 	/System/Library/Frameworks/Accelerate.framework/Versions/A/Frameworks/vecLib.framework/Versions/A/libLinearAlgebra.dylib
0x00000001a1ac2000 	/System/Library/Frameworks/Accelerate.framework/Versions/A/Frameworks/vecLib.framework/Versions/A/libSparseBLAS.dylib
0x00000001a1ba6000 	/System/Library/Frameworks/Accelerate.framework/Versions/A/Frameworks/vecLib.framework/Versions/A/libQuadrature.dylib
0x00000001a049f000 	/System/Library/Frameworks/Accelerate.framework/Versions/A/Frameworks/vecLib.framework/Versions/A/libBNNS.dylib
0x00000001979a9000 	/System/Library/Frameworks/Accelerate.framework/Versions/A/Frameworks/vecLib.framework/Versions/A/libSparse.dylib
0x00000001a0497000 	/System/Library/PrivateFrameworks/LinguisticData.framework/Versions/A/LinguisticData
0x000000019795f000 	/System/Library/PrivateFrameworks/Lexicon.framework/Versions/A/Lexicon
0x00000001a217f000 	/usr/lib/libChineseTokenizer.dylib
0x0000000198106000 	/System/Library/PrivateFrameworks/LanguageModeling.framework/Versions/A/LanguageModeling
0x00000001a1a85000 	/System/Library/PrivateFrameworks/AppleSauce.framework/Versions/A/AppleSauce
0x00000001a0b06000 	/System/Library/PrivateFrameworks/CoreEmoji.framework/Versions/A/CoreEmoji
0x00000001a1974000 	/usr/lib/libcmph.dylib
0x000000019e28d000 	/System/Library/Frameworks/OpenDirectory.framework/Versions/A/Frameworks/CFOpenDirectory.framework/Versions/A/CFOpenDirectory
0x000000019e27d000 	/System/Library/Frameworks/OpenDirectory.framework/Versions/A/OpenDirectory
0x00000001a20dd000 	/System/Library/PrivateFrameworks/APFS.framework/Versions/A/APFS
0x00000001a0e32000 	/System/Library/Frameworks/SecurityFoundation.framework/Versions/A/SecurityFoundation
0x00000001a2151000 	/usr/lib/libutil.dylib
0x0000000199847000 	/System/Library/PrivateFrameworks/CoreServicesStore.framework/Versions/A/CoreServicesStore
0x00000001a2155000 	/usr/lib/libxslt.1.dylib
0x00000001a0ec6000 	/System/Library/PrivateFrameworks/BackgroundTaskManagement.framework/Versions/A/BackgroundTaskManagement
0x00000001a33b8000 	/System/Library/Frameworks/ImageIO.framework/Versions/A/Resources/libRadiance.dylib
0x00000001a33c1000 	/System/Library/Frameworks/ImageIO.framework/Versions/A/Resources/libJPEG.dylib
0x00000001a3313000 	/System/Library/Frameworks/ImageIO.framework/Versions/A/Resources/libPng.dylib
0x00000001a3335000 	/System/Library/Frameworks/ImageIO.framework/Versions/A/Resources/libTIFF.dylib
0x00000001a341c000 	/System/Library/Frameworks/ImageIO.framework/Versions/A/Resources/libGIF.dylib
0x00000001a2d61000 	/System/Library/Frameworks/ImageIO.framework/Versions/A/Resources/libJP2.dylib
0x00000001a24a6000 	/usr/lib/libexpat.1.dylib
0x00000001a2d1c000 	/System/Library/PrivateFrameworks/AppleJPEG.framework/Versions/A/AppleJPEG
0x000000019f8cb000 	/System/Library/PrivateFrameworks/FontServices.framework/libFontParser.dylib
0x000000019d5dc000 	/System/Library/PrivateFrameworks/RunningBoardServices.framework/Versions/A/RunningBoardServices
0x00000001adab8000 	/System/Library/PrivateFrameworks/IOSurfaceAccelerator.framework/Versions/A/IOSurfaceAccelerator
0x00000001a2e4d000 	/System/Library/PrivateFrameworks/WatchdogClient.framework/Versions/A/WatchdogClient
0x000000019820a000 	/System/Library/Frameworks/CoreDisplay.framework/Versions/A/CoreDisplay
0x000000019f7b9000 	/System/Library/Frameworks/CoreMedia.framework/Versions/A/CoreMedia
0x000000019f64d000 	/System/Library/PrivateFrameworks/IOAccelerator.framework/Versions/A/IOAccelerator
0x000000019e41b000 	/System/Library/Frameworks/CoreVideo.framework/Versions/A/CoreVideo
0x00000001a1ad5000 	/System/Library/Frameworks/MetalPerformanceShaders.framework/Versions/A/MetalPerformanceShaders
0x00000001a2e8a000 	/System/Library/Frameworks/VideoToolbox.framework/Versions/A/VideoToolbox
0x000000019d520000 	/System/Library/PrivateFrameworks/BaseBoard.framework/Versions/A/BaseBoard
0x000000019d2bf000 	/System/Library/PrivateFrameworks/ProtocolBuffer.framework/Versions/A/ProtocolBuffer
0x00000001a33b3000 	/System/Library/PrivateFrameworks/GPUWrangler.framework/Versions/A/GPUWrangler
0x00000001a3392000 	/System/Library/PrivateFrameworks/IOPresentment.framework/Versions/A/IOPresentment
0x00000001a33bb000 	/System/Library/PrivateFrameworks/DSExternalDisplay.framework/Versions/A/DSExternalDisplay
0x00000001f8238000 	/System/Library/Frameworks/OpenGL.framework/Versions/A/Libraries/libCoreFSCache.dylib
0x0000000201a23000 	/System/Library/PrivateFrameworks/GPUCompiler.framework/Versions/31001/Libraries/libGPUCompilerUtils.dylib
0x00000001a3421000 	/System/Library/PrivateFrameworks/CMCaptureCore.framework/Versions/A/CMCaptureCore
0x00000001a2a5a000 	/System/Library/PrivateFrameworks/AppServerSupport.framework/Versions/A/AppServerSupport
0x00000001a4bfa000 	/System/Library/PrivateFrameworks/perfdata.framework/Versions/A/perfdata
0x000000019832a000 	/System/Library/PrivateFrameworks/AudioToolboxCore.framework/Versions/A/AudioToolboxCore
0x000000019f791000 	/System/Library/PrivateFrameworks/caulk.framework/Versions/A/caulk
0x00000001a44ef000 	/usr/lib/libAudioStatistics.dylib
0x00000001b5e0c000 	/System/Library/PrivateFrameworks/SystemPolicy.framework/Versions/A/SystemPolicy
0x00000001a474f000 	/usr/lib/libSMC.dylib
0x00000001ad324000 	/System/Library/Frameworks/CoreMIDI.framework/Versions/A/CoreMIDI
0x00000001a32e1000 	/usr/lib/libAudioToolboxUtility.dylib
0x00000001b2239000 	/System/Library/PrivateFrameworks/OSAServicesClient.framework/Versions/A/OSAServicesClient
0x00000001a4c07000 	/usr/lib/libperfcheck.dylib
0x00000001b6913000 	/usr/lib/libmis.dylib
0x00000001f8299000 	/System/Library/Frameworks/OpenGL.framework/Versions/A/Libraries/libGLU.dylib
0x00000001f8258000 	/System/Library/Frameworks/OpenGL.framework/Versions/A/Libraries/libGFXShared.dylib
0x00000001f8442000 	/System/Library/Frameworks/OpenGL.framework/Versions/A/Libraries/libGL.dylib
0x00000001f8261000 	/System/Library/Frameworks/OpenGL.framework/Versions/A/Libraries/libGLImage.dylib
0x00000001f8255000 	/System/Library/Frameworks/OpenGL.framework/Versions/A/Libraries/libCVMSPluginSupport.dylib
0x00000001f823f000 	/System/Library/Frameworks/OpenGL.framework/Versions/A/Libraries/libCoreVMClient.dylib
0x00000001a0323000 	/System/Library/Frameworks/MetalPerformanceShaders.framework/Versions/A/Frameworks/MPSCore.framework/Versions/A/MPSCore
0x00000001a1493000 	/System/Library/Frameworks/MetalPerformanceShaders.framework/Versions/A/Frameworks/MPSImage.framework/Versions/A/MPSImage
0x00000001a0f89000 	/System/Library/Frameworks/MetalPerformanceShaders.framework/Versions/A/Frameworks/MPSNeuralNetwork.framework/Versions/A/MPSNeuralNetwork
0x00000001a13c6000 	/System/Library/Frameworks/MetalPerformanceShaders.framework/Versions/A/Frameworks/MPSMatrix.framework/Versions/A/MPSMatrix
0x00000001a11a1000 	/System/Library/Frameworks/MetalPerformanceShaders.framework/Versions/A/Frameworks/MPSRayIntersector.framework/Versions/A/MPSRayIntersector
0x00000001a13f7000 	/System/Library/Frameworks/MetalPerformanceShaders.framework/Versions/A/Frameworks/MPSNDArray.framework/Versions/A/MPSNDArray
0x00000001f9f70000 	/System/Library/Frameworks/MetalPerformanceShaders.framework/Versions/A/Frameworks/MPSFunctions.framework/Versions/A/MPSFunctions
0x00000001975c9000 	/System/Library/PrivateFrameworks/MetalTools.framework/Versions/A/MetalTools
0x00000001a03a0000 	/System/Library/PrivateFrameworks/AggregateDictionary.framework/Versions/A/AggregateDictionary
0x00000001a228c000 	/usr/lib/libIOReport.dylib
0x00000001ac30b000 	/System/Library/PrivateFrameworks/ASEProcessing.framework/Versions/A/ASEProcessing
0x00000001a25ff000 	/System/Library/PrivateFrameworks/FaceCore.framework/Versions/A/FaceCore
0x00000001a25f1000 	/System/Library/PrivateFrameworks/GraphVisualizer.framework/Versions/A/GraphVisualizer
0x000000020193a000 	/System/Library/PrivateFrameworks/FontServices.framework/Versions/A/FontServices
0x00000001a2a14000 	/System/Library/PrivateFrameworks/OTSVG.framework/Versions/A/OTSVG
0x000000019dfe9000 	/System/Library/Frameworks/ApplicationServices.framework/Versions/A/Frameworks/ATS.framework/Versions/A/Resources/libFontRegistry.dylib
0x00000001a2a63000 	/System/Library/PrivateFrameworks/FontServices.framework/libhvf.dylib
0x000000020193b000 	/System/Library/PrivateFrameworks/FontServices.framework/libXTFontStaticRegistryData.dylib
0x00000001f85e4000 	/System/Library/Frameworks/OpenCL.framework/Versions/A/OpenCL
0x00000001a245a000 	/System/Library/PrivateFrameworks/AppleVA.framework/Versions/A/AppleVA
0x00000001a4517000 	/System/Library/Frameworks/ApplicationServices.framework/Versions/A/Frameworks/ATS.framework/Versions/A/ATS
0x000000019ca83000 	/System/Library/Frameworks/ApplicationServices.framework/Versions/A/Frameworks/HIServices.framework/Versions/A/HIServices
0x00000001a342b000 	/System/Library/Frameworks/ApplicationServices.framework/Versions/A/Frameworks/PrintCore.framework/Versions/A/PrintCore
0x00000001a48a2000 	/System/Library/Frameworks/ApplicationServices.framework/Versions/A/Frameworks/QD.framework/Versions/A/QD
0x00000001a489a000 	/System/Library/Frameworks/ApplicationServices.framework/Versions/A/Frameworks/ColorSyncLegacy.framework/Versions/A/ColorSyncLegacy
0x00000001a4503000 	/System/Library/Frameworks/ApplicationServices.framework/Versions/A/Frameworks/SpeechSynthesis.framework/Versions/A/SpeechSynthesis
0x00000001a33ec000 	/System/Library/Frameworks/ApplicationServices.framework/Versions/A/Frameworks/ATSUI.framework/Versions/A/ATSUI
0x00000001a482f000 	/usr/lib/libcups.2.dylib
0x00000001a4c15000 	/System/Library/Frameworks/Kerberos.framework/Versions/A/Kerberos
0x00000001a4c26000 	/System/Library/Frameworks/GSS.framework/Versions/A/GSS
0x00000001a4586000 	/usr/lib/libresolv.9.dylib
0x00000001a2a71000 	/System/Library/PrivateFrameworks/Heimdal.framework/Versions/A/Heimdal
0x00000001ab57a000 	/System/Library/Frameworks/Kerberos.framework/Versions/A/Libraries/libHeimdalProxy.dylib
0x000000019d6bb000 	/System/Library/Frameworks/Network.framework/Versions/A/Network
0x00000001a24c1000 	/usr/lib/libheimdal-asn1.dylib
0x00000001a4c6c000 	/System/Library/PrivateFrameworks/CommonAuth.framework/Versions/A/CommonAuth
0x00000001a447d000 	/System/Library/PrivateFrameworks/AudioSession.framework/Versions/A/AudioSession
0x00000001a2552000 	/System/Library/PrivateFrameworks/MediaExperience.framework/Versions/A/MediaExperience
0x00000001a4305000 	/System/Library/PrivateFrameworks/AudioSession.framework/libSessionUtility.dylib
0x00000001a48ae000 	/System/Library/PrivateFrameworks/AudioResourceArbitration.framework/Versions/A/AudioResourceArbitration
0x00000001a89b9000 	/System/Library/PrivateFrameworks/PowerLog.framework/Versions/A/PowerLog
0x00000001a24ca000 	/System/Library/PrivateFrameworks/IconFoundation.framework/Versions/A/IconFoundation
0x00000001a7767000 	/System/Library/PrivateFrameworks/SpeechRecognitionCore.framework/Versions/A/SpeechRecognitionCore
0x0000000106808000 	/Users/OskarSMoe/.vscode/extensions/redhat.java-1.9.0-darwin-arm64/jre/17.0.3-macosx-aarch64/lib/server/libjvm.dylib
0x0000000100f74000 	/Users/OskarSMoe/.vscode/extensions/redhat.java-1.9.0-darwin-arm64/jre/17.0.3-macosx-aarch64/lib/libjimage.dylib
0x0000000100ffc000 	/Users/OskarSMoe/.vscode/extensions/redhat.java-1.9.0-darwin-arm64/jre/17.0.3-macosx-aarch64/lib/libjava.dylib
0x0000000101098000 	/Users/OskarSMoe/.vscode/extensions/redhat.java-1.9.0-darwin-arm64/jre/17.0.3-macosx-aarch64/lib/libzip.dylib
0x00000001010d0000 	/Users/OskarSMoe/.vscode/extensions/redhat.java-1.9.0-darwin-arm64/jre/17.0.3-macosx-aarch64/lib/libnio.dylib
0x00000001013a4000 	/Users/OskarSMoe/.vscode/extensions/redhat.java-1.9.0-darwin-arm64/jre/17.0.3-macosx-aarch64/lib/libnet.dylib
0x00000001010b0000 	/Users/OskarSMoe/.openjfx/cache/17-ea/libprism_es2.dylib
0x000000019980a000 	/System/Library/PrivateFrameworks/CoreServicesInternal.framework/Versions/A/CoreServicesInternal
0x00000001f844c000 	/System/Library/Frameworks/OpenGL.framework/Versions/A/Resources/GLEngine.bundle/GLEngine
0x00000001f82d3000 	/System/Library/Frameworks/OpenGL.framework/Versions/A/Libraries/libGLProgrammability.dylib
0x00000001016bc000 	/System/Library/Extensions/AppleMetalOpenGLRenderer.bundle/Contents/MacOS/AppleMetalOpenGLRenderer
0x00000001f85bb000 	/System/Library/Frameworks/OpenGL.framework/Versions/A/Resources/GLRendererFloat.bundle/GLRendererFloat
0x00000001dc454000 	/System/Library/Extensions/AGXMetalG13X.bundle/Contents/MacOS/AGXMetalG13X
0x00000001b692f000 	/System/Library/PrivateFrameworks/GPURawCounter.framework/Versions/A/GPURawCounter
0x00000001b13bd000 	/System/Library/PrivateFrameworks/IOGPU.framework/Versions/A/IOGPU
0x0000000101754000 	/Users/OskarSMoe/.openjfx/cache/17-ea/libglass.dylib
0x00000001a8c0d000 	/System/Library/Frameworks/FileProvider.framework/Versions/A/FileProvider
0x000000019d488000 	/System/Library/Frameworks/Accounts.framework/Versions/A/Accounts
0x00000001a8d8d000 	/System/Library/PrivateFrameworks/GenerationalStorage.framework/Versions/A/GenerationalStorage
0x00000001a9943000 	/System/Library/PrivateFrameworks/CoreSymbolication.framework/Versions/A/CoreSymbolication
0x00000001a89ad000 	/System/Library/PrivateFrameworks/SymptomDiagnosticReporter.framework/Versions/A/SymptomDiagnosticReporter
0x000000019aaf6000 	/System/Library/PrivateFrameworks/DesktopServicesPriv.framework/Versions/A/DesktopServicesPriv
0x000000019996a000 	/usr/lib/libsandbox.1.dylib
0x000000019e4a8000 	/System/Library/PrivateFrameworks/UserManagement.framework/Versions/A/UserManagement
0x00000001a9904000 	/System/Library/PrivateFrameworks/DebugSymbols.framework/Versions/A/DebugSymbols
0x00000001a488d000 	/System/Library/PrivateFrameworks/NetAuth.framework/Versions/A/NetAuth
0x00000001a5790000 	/System/Library/PrivateFrameworks/Sharing.framework/Versions/A/Sharing
0x000000019e478000 	/System/Library/PrivateFrameworks/login.framework/Versions/A/Frameworks/loginsupport.framework/Versions/A/loginsupport
0x00000001aaabc000 	/System/Library/PrivateFrameworks/Apple80211.framework/Versions/A/Apple80211
0x00000001a1577000 	/System/Library/PrivateFrameworks/AuthKit.framework/Versions/A/AuthKit
0x00000001a0c05000 	/System/Library/PrivateFrameworks/CoreUtils.framework/Versions/A/CoreUtils
0x00000001a0b25000 	/System/Library/Frameworks/CoreWLAN.framework/Versions/A/CoreWLAN
0x00000001a58fa000 	/System/Library/Frameworks/IOBluetooth.framework/Versions/A/IOBluetooth
0x00000001aab1c000 	/System/Library/PrivateFrameworks/CoreWiFi.framework/Versions/A/CoreWiFi
0x00000001a94eb000 	/System/Library/PrivateFrameworks/FrontBoardServices.framework/Versions/A/FrontBoardServices
0x00000001a9583000 	/System/Library/PrivateFrameworks/BoardServices.framework/Versions/A/BoardServices
0x00000001a0e20000 	/System/Library/PrivateFrameworks/AssertionServices.framework/Versions/A/AssertionServices
0x00000001aac8a000 	/System/Library/PrivateFrameworks/BackBoardServices.framework/Versions/A/BackBoardServices
0x00000001a4cff000 	/System/Library/PrivateFrameworks/CorePhoneNumbers.framework/Versions/A/CorePhoneNumbers
0x00000001a8add000 	/System/Library/PrivateFrameworks/DiskManagement.framework/Versions/A/DiskManagement
0x00000001a89e0000 	/System/Library/PrivateFrameworks/AppleIDAuthSupport.framework/Versions/A/AppleIDAuthSupport
0x00000001fc25a000 	/System/Library/PrivateFrameworks/AAAFoundation.framework/Versions/A/AAAFoundation
0x00000001a4cde000 	/System/Library/PrivateFrameworks/KeychainCircle.framework/Versions/A/KeychainCircle
0x00000001a8aa9000 	/System/Library/PrivateFrameworks/MediaKit.framework/Versions/A/MediaKit
0x00000001a89ed000 	/System/Library/Frameworks/DiscRecording.framework/Versions/A/DiscRecording
0x00000001a23d6000 	/usr/lib/libCoreStorage.dylib
0x00000001aaf86000 	/usr/lib/libcsfde.dylib
0x00000001a59cf000 	/System/Library/PrivateFrameworks/ProtectedCloudStorage.framework/Versions/A/ProtectedCloudStorage
0x00000001aaf7e000 	/System/Library/PrivateFrameworks/EFILogin.framework/Versions/A/EFILogin
0x00000001a8db4000 	/System/Library/PrivateFrameworks/OctagonTrust.framework/Versions/A/OctagonTrust
0x0000000200b86000 	/System/Library/PrivateFrameworks/CoreUtilsExtras.framework/Versions/A/CoreUtilsExtras
0x00000001a8922000 	/System/Library/Frameworks/CoreBluetooth.framework/Versions/A/CoreBluetooth
0x00000001ab5ff000 	/System/Library/Frameworks/AudioUnit.framework/Versions/A/AudioUnit
0x00000001a23ce000 	/usr/lib/libMatch.1.dylib
0x00000001bac25000 	/System/Library/Frameworks/Accelerate.framework/Versions/A/Frameworks/vImage.framework/Versions/A/Libraries/libCGInterfaces.dylib
0x0000000123fe4000 	/usr/lib/libobjc-trampolines.dylib
0x000000019e175000 	/System/Library/PrivateFrameworks/ViewBridge.framework/Versions/A/ViewBridge
0x00000001fc8f9000 	/System/Library/PrivateFrameworks/AccessibilityBundles.framework/Versions/A/AccessibilityBundles
0x00000001a2295000 	/System/Library/PrivateFrameworks/CrashReporterSupport.framework/Versions/A/CrashReporterSupport
0x00000001c25ee000 	/System/Library/PrivateFrameworks/OSAnalytics.framework/Versions/A/OSAnalytics
0x00000001cd62f000 	/System/Library/PrivateFrameworks/Symbolication.framework/Versions/A/Symbolication
0x00000001b68f0000 	/System/Library/PrivateFrameworks/MallocStackLogging.framework/Versions/A/MallocStackLogging
0x000000013ed50000 	/Users/OskarSMoe/.openjfx/cache/17-ea/libjavafx_iio.dylib
0x000000013ed00000 	/Users/OskarSMoe/.openjfx/cache/17-ea/libjavafx_font.dylib
0x00000001a2b1f000 	/System/Library/PrivateFrameworks/login.framework/Versions/A/login


VM Arguments:
jvm_args: -XX:+ShowCodeDetailsInExceptionMessages -Dfile.encoding=UTF-8 --module-path=/Users/OskarSMoe/Desktop/TDT4100_prosjekt_tallakr-main 2/target/classes:/Users/OskarSMoe/.m2/repository/org/openjfx/javafx-fxml/17-ea+8/javafx-fxml-17-ea+8-mac-aarch64.jar:/Users/OskarSMoe/.m2/repository/org/openjfx/javafx-controls/17-ea+8/javafx-controls-17-ea+8-mac-aarch64.jar:/Users/OskarSMoe/.m2/repository/org/openjfx/javafx-graphics/17-ea+8/javafx-graphics-17-ea+8-mac-aarch64.jar:/Users/OskarSMoe/.m2/repository/org/openjfx/javafx-base/17-ea+8/javafx-base-17-ea+8-mac-aarch64.jar -Djdk.module.main=TDT4100_project 
java_command: TDT4100_project/tdt4100_gg_prosjekt.BlackJackApp
java_class_path (initial): /Users/OskarSMoe/.m2/repository/org/openjfx/javafx-fxml/17-ea+8/javafx-fxml-17-ea+8.jar:/Users/OskarSMoe/.m2/repository/org/openjfx/javafx-controls/17-ea+8/javafx-controls-17-ea+8.jar:/Users/OskarSMoe/.m2/repository/org/openjfx/javafx-graphics/17-ea+8/javafx-graphics-17-ea+8.jar:/Users/OskarSMoe/.m2/repository/org/openjfx/javafx-base/17-ea+8/javafx-base-17-ea+8.jar:/Users/OskarSMoe/.m2/repository/org/junit/jupiter/junit-jupiter-engine/5.7.0/junit-jupiter-engine-5.7.0.jar:/Users/OskarSMoe/.m2/repository/org/apiguardian/apiguardian-api/1.1.0/apiguardian-api-1.1.0.jar:/Users/OskarSMoe/.m2/repository/org/junit/platform/junit-platform-engine/1.7.0/junit-platform-engine-1.7.0.jar:/Users/OskarSMoe/.m2/repository/org/opentest4j/opentest4j/1.2.0/opentest4j-1.2.0.jar:/Users/OskarSMoe/.m2/repository/org/junit/platform/junit-platform-commons/1.7.0/junit-platform-commons-1.7.0.jar:/Users/OskarSMoe/.m2/repository/org/junit/jupiter/junit-jupiter-api/5.7.0/junit-jupiter-api-5.7.0.jar
Launcher Type: SUN_STANDARD

[Global flags]
     intx CICompilerCount                          = 4                                         {product} {ergonomic}
     uint ConcGCThreads                            = 2                                         {product} {ergonomic}
     uint G1ConcRefinementThreads                  = 8                                         {product} {ergonomic}
   size_t G1HeapRegionSize                         = 2097152                                   {product} {ergonomic}
    uintx GCDrainStackTargetSize                   = 64                                        {product} {ergonomic}
   size_t InitialHeapSize                          = 268435456                                 {product} {ergonomic}
   size_t MarkStackSize                            = 4194304                                   {product} {ergonomic}
   size_t MaxHeapSize                              = 4294967296                                {product} {ergonomic}
   size_t MaxNewSize                               = 2575302656                                {product} {ergonomic}
   size_t MinHeapDeltaBytes                        = 2097152                                   {product} {ergonomic}
   size_t MinHeapSize                              = 8388608                                   {product} {ergonomic}
    uintx NonNMethodCodeHeapSize                   = 5839564                                {pd product} {ergonomic}
    uintx NonProfiledCodeHeapSize                  = 122909338                              {pd product} {ergonomic}
    uintx ProfiledCodeHeapSize                     = 122909338                              {pd product} {ergonomic}
    uintx ReservedCodeCacheSize                    = 251658240                              {pd product} {ergonomic}
     bool SegmentedCodeCache                       = true                                      {product} {ergonomic}
     bool ShowCodeDetailsInExceptionMessages       = true                                   {manageable} {command line}
   size_t SoftMaxHeapSize                          = 4294967296                             {manageable} {ergonomic}
     bool UseCompressedClassPointers               = true                           {product lp64_product} {ergonomic}
     bool UseCompressedOops                        = true                           {product lp64_product} {ergonomic}
     bool UseG1GC                                  = true                                      {product} {ergonomic}
     bool UseNUMA                                  = false                                     {product} {ergonomic}
     bool UseNUMAInterleaving                      = false                                     {product} {ergonomic}

Logging:
Log output configuration:
 #0: stdout all=warning uptime,level,tags
 #1: stderr all=off uptime,level,tags

Environment Variables:
JAVA_HOME=/Users/OskarSMoe/.sdkman/candidates/java/current
PATH=/Users/OskarSMoe/.sdkman/candidates/maven/current/bin:/Users/OskarSMoe/.sdkman/candidates/java/current/bin:/usr/local/bin:/usr/bin:/bin:/usr/sbin:/sbin:/Applications/Wireshark.app/Contents/MacOS
SHELL=/bin/zsh

Signal Handlers:
   SIGSEGV: crash_handler in libjvm.dylib, mask=11100110000111110111111111111111, flags=SA_RESTART|SA_SIGINFO
    SIGBUS: crash_handler in libjvm.dylib, mask=11100110000111110111111111111111, flags=SA_RESTART|SA_SIGINFO
    SIGFPE: crash_handler in libjvm.dylib, mask=11100110000111110111111111111111, flags=SA_RESTART|SA_SIGINFO
   SIGPIPE: javaSignalHandler in libjvm.dylib, mask=11100110000111110111111111111111, flags=SA_RESTART|SA_SIGINFO
   SIGXFSZ: javaSignalHandler in libjvm.dylib, mask=11100110000111110111111111111111, flags=SA_RESTART|SA_SIGINFO
    SIGILL: crash_handler in libjvm.dylib, mask=11100110000111110111111111111111, flags=SA_RESTART|SA_SIGINFO
   SIGUSR2: SR_handler in libjvm.dylib, mask=00100000000000000000000000000000, flags=SA_RESTART|SA_SIGINFO
    SIGHUP: UserHandler in libjvm.dylib, mask=11100110000111110111111111111111, flags=SA_RESTART|SA_SIGINFO
    SIGINT: UserHandler in libjvm.dylib, mask=11100110000111110111111111111111, flags=SA_RESTART|SA_SIGINFO
   SIGTERM: UserHandler in libjvm.dylib, mask=11100110000111110111111111111111, flags=SA_RESTART|SA_SIGINFO
   SIGQUIT: UserHandler in libjvm.dylib, mask=11100110000111110111111111111111, flags=SA_RESTART|SA_SIGINFO
  *** Handler was modified!
  *** Expected: javaSignalHandler in libjvm.dylib, mask=11100110100111111111111111111111, flags=SA_RESTART|SA_SIGINFO
   SIGTRAP: crash_handler in libjvm.dylib, mask=11100110000111110111111111111111, flags=SA_RESTART|SA_SIGINFO


---------------  S Y S T E M  ---------------

OS:
uname: Darwin 21.3.0 Darwin Kernel Version 21.3.0: Wed Jan  5 21:37:58 PST 2022; root:xnu-8019.80.24~20/RELEASE_ARM64_T6000 arm64
OS uptime: 121 days 19:14 hours
rlimit (soft/hard): STACK 8176k/65520k , CORE 0k/infinity , NPROC 2666/4000 , NOFILE 10240/infinity , AS infinity/infinity , CPU infinity/infinity , DATA infinity/infinity , FSIZE infinity/infinity , MEMLOCK infinity/infinity , RSS infinity/infinity
load average: 3.43 3.59 3.35

CPU: total 8 (initial active 8) 0x61:0x0:0x1b588bb3:0, fp, simd, crc, lse

Memory: 16k page, physical 16777216k(103408k free), swap 6291456k(911616k free)

vm_info: OpenJDK 64-Bit Server VM (17.0.3+7) for bsd-aarch64 JRE (17.0.3+7), built on Apr 19 2022 22:59:25 by "jenkins" with clang Apple LLVM 12.0.0 (clang-1200.0.32.29)

END.
