#
# A fatal error has been detected by the Java Runtime Environment:
#
#  SIGBUS (0xa) at pc=0x000000010d44d4f0, pid=76394, tid=29455
#
# JRE version: OpenJDK Runtime Environment Temurin-17.0.3+7 (17.0.3+7) (build 17.0.3+7)
# Java VM: OpenJDK 64-Bit Server VM Temurin-17.0.3+7 (17.0.3+7, mixed mode, tiered, compressed oops, compressed class ptrs, g1 gc, bsd-aarch64)
# Problematic frame:
# v  ~StubRoutines::SafeFetchN
#
# No core dump will be written. Core dumps have been disabled. To enable core dumping, try "ulimit -c unlimited" before starting Java again
#
# If you would like to submit a bug report, please visit:
#   https://github.com/adoptium/adoptium-support/issues
# The crash happened outside the Java Virtual Machine in native code.
# See problematic frame for where to report the bug.
#

---------------  S U M M A R Y ------------

Command Line: -XX:+ShowCodeDetailsInExceptionMessages -Dfile.encoding=UTF-8 --module-path=/Users/OskarSMoe/Desktop/TDT4100_prosjekt_tallakr-main 2/target/classes:/Users/OskarSMoe/.m2/repository/org/openjfx/javafx-fxml/17-ea+8/javafx-fxml-17-ea+8-mac-aarch64.jar:/Users/OskarSMoe/.m2/repository/org/openjfx/javafx-controls/17-ea+8/javafx-controls-17-ea+8-mac-aarch64.jar:/Users/OskarSMoe/.m2/repository/org/openjfx/javafx-graphics/17-ea+8/javafx-graphics-17-ea+8-mac-aarch64.jar:/Users/OskarSMoe/.m2/repository/org/openjfx/javafx-base/17-ea+8/javafx-base-17-ea+8-mac-aarch64.jar -Djdk.module.main=TDT4100_project TDT4100_project/tdt4100_gg_prosjekt.BlackJackApp

Host: "MacBookPro18,3" arm64, 8 cores, 16G, Darwin 21.3.0, macOS 12.2 (21D49)
Time: Mon Aug 15 13:27:39 2022 CEST elapsed time: 0.313165 seconds (0d 0h 0m 0s)

---------------  T H R E A D  ---------------

Current thread (0x000000014e0e7000):  JavaThread "InvokeLaterDispatcher" daemon [_thread_in_native, id=29455, stack(0x000000016e5d8000,0x000000016e7db000)]

Stack: [0x000000016e5d8000,0x000000016e7db000],  sp=0x000000016e7da780,  free space=2057k
Native frames: (J=compiled Java code, j=interpreted, Vv=VM code, C=native code)
v  ~StubRoutines::SafeFetchN
V  [libjvm.dylib+0x7ba8fc]  _ZN10OopStorage7releaseEPKP7oopDesc+0x20
V  [libjvm.dylib+0x4c55f0]  jni_DeleteGlobalRef+0xd8
C  [libglass.dylib+0xa880]  -[GlassRunnable dealloc]+0x34
C  [Foundation+0x84c7c]  -[_NSThreadPerformInfo dealloc]+0x30
C  [Foundation+0x51578]  -[NSObject(NSThreadPerformAdditions) performSelectorOnMainThread:withObject:waitUntilDone:]+0x88
C  0x131480010d4558ac
j  com.sun.glass.ui.mac.MacApplication.submitForLaterInvocation(Ljava/lang/Runnable;)V+2 javafx.graphics
j  com.sun.glass.ui.InvokeLaterDispatcher.run()V+82 javafx.graphics
v  ~StubRoutines::call_stub
V  [libjvm.dylib+0x46a690]  _ZN9JavaCalls11call_helperEP9JavaValueRK12methodHandleP17JavaCallArgumentsP10JavaThread+0x38c
V  [libjvm.dylib+0x4696ac]  _ZN9JavaCalls12call_virtualEP9JavaValueP5KlassP6SymbolS5_P17JavaCallArgumentsP10JavaThread+0x11c
V  [libjvm.dylib+0x469778]  _ZN9JavaCalls12call_virtualEP9JavaValue6HandleP5KlassP6SymbolS6_P10JavaThread+0x64
V  [libjvm.dylib+0x521de4]  _ZL12thread_entryP10JavaThreadS0_+0xc4
V  [libjvm.dylib+0x9a2540]  _ZN10JavaThread17thread_main_innerEv+0x13c
V  [libjvm.dylib+0x9a0c1c]  _ZN6Thread8call_runEv+0x128
V  [libjvm.dylib+0x7c1708]  _ZL19thread_native_entryP6Thread+0x158
C  [libsystem_pthread.dylib+0x7240]  _pthread_start+0x94

Java frames: (J=compiled Java code, j=interpreted, Vv=VM code)
j  com.sun.glass.ui.mac.MacApplication._submitForLaterInvocation(Ljava/lang/Runnable;)V+0 javafx.graphics
j  com.sun.glass.ui.mac.MacApplication.submitForLaterInvocation(Ljava/lang/Runnable;)V+2 javafx.graphics
j  com.sun.glass.ui.InvokeLaterDispatcher.run()V+82 javafx.graphics
v  ~StubRoutines::call_stub

siginfo: si_signo: 10 (SIGBUS), si_code: 1 (BUS_ADRALN), si_addr: 0x000000010d44d4f0

Register to memory mapping:

 x0=0x000000014de66448 points into unknown readable memory: 0x0000000000000000 | 00 00 00 00 00 00 00 00
 x1=0x0 is NULL
 x2=0x000000070f4ea2e0 is an oop: com.sun.glass.ui.InvokeLaterDispatcher$Future 
{0x000000070f4ea2e0} - klass: 'com/sun/glass/ui/InvokeLaterDispatcher$Future'
 - ---- fields (total size 3 words):
 - private 'done' 'Z' @12  true
 - private final 'runnable' 'Ljava/lang/Runnable;' @16  a 'com/sun/javafx/application/PlatformImpl$$Lambda$90+0x0000000800104a60'{0x000000070f03c328} (e1e07865)
 - final synthetic 'this$0' 'Lcom/sun/glass/ui/InvokeLaterDispatcher;' @20  a 'com/sun/glass/ui/InvokeLaterDispatcher'{0x000000070f48b788} (e1e916f1)
 x3=0x0 is NULL
 x4=0x00000000000130a8 is an unknown value
 x5=0x0 is NULL
 x6=0x0 is NULL
 x7=0x0 is NULL
 x8=0x000000010d44d4ec is at begin+0 in a stub
StubRoutines::SafeFetchN [0x000000010d44d4ec, 0x000000010d44d4f8] (12 bytes)
 x9=0x0 is NULL
x10=0x2010000030300000 is an unknown value
x11=0x0000000000000007 is an unknown value
x12=0x0000000000000007 is an unknown value
x13=0x000000014f056e00 points into unknown readable memory: 0xf912000197d69738 | 38 97 d6 97 01 00 12 f9
x14=0x0000000000000001 is an unknown value
x15=0x0000000126f85f98: OBJC_CLASS_$_GlassRunnable+0 in /Users/OskarSMoe/.openjfx/cache/17-ea/libglass.dylib at 0x0000000126f40000
x16=0x0000000196dd8094: pthread_getspecific+0 in /usr/lib/system/libsystem_pthread.dylib at 0x0000000196dd6000
x17=0x000000014dea2330 points into unknown readable memory: 0xfffffffffffffffe | fe ff ff ff ff ff ff ff
x18=0x0 is NULL
x19=0x000000014de55ab0 points into unknown readable memory: 0x000000014de3fe60 | 60 fe e3 4d 01 00 00 00
x20=0x000000014de66240 points into unknown readable memory: 0x00000001275da368 | 68 a3 5d 27 01 00 00 00
x21=0x000000014de66448 points into unknown readable memory: 0x0000000000000000 | 00 00 00 00 00 00 00 00
x22=0x000000014e0e7000 is a thread
x23=0x0000000000000001 is an unknown value
x24=0x000000014de66400 is a global jni handle
x25=0x000000010a46ca98: _ZN12StubRoutines17_safefetchN_entryE+0 in /Users/OskarSMoe/.vscode/extensions/redhat.java-1.9.0-darwin-arm64/jre/17.0.3-macosx-aarch64/lib/server/libjvm.dylib at 0x0000000109808000
x26=0x0000000127695780 is pointing into metadata
x27=0x0 is NULL
x28=0x000000014e0e7000 is a thread


Registers:
 x0=0x000000014de66448  x1=0x0000000000000000  x2=0x000000070f4ea2e0  x3=0x0000000000000000
 x4=0x00000000000130a8  x5=0x0000000000000000  x6=0x0000000000000000  x7=0x0000000000000000
 x8=0x000000010d44d4ec  x9=0x0000000000000000 x10=0x2010000030300000 x11=0x0000000000000007
x12=0x0000000000000007 x13=0x000000014f056e00 x14=0x0000000000000001 x15=0x0000000126f85f98
x16=0x0000000196dd8094 x17=0x000000014dea2330 x18=0x0000000000000000 x19=0x000000014de55ab0
x20=0x000000014de66240 x21=0x000000014de66448 x22=0x000000014e0e7000 x23=0x0000000000000001
x24=0x000000014de66400 x25=0x000000010a46ca98 x26=0x0000000127695780 x27=0x0000000000000000
x28=0x000000014e0e7000  fp=0x000000016e7da7c0  lr=0x0000000109fc16cc  sp=0x000000016e7da780
pc=0x000000010d44d4f0 cpsr=0x0000000060001000
Top of Stack: (sp=0x000000016e7da780)
0x000000016e7da780:   0000000127695780 0000000000000001
0x000000016e7da790:   000000016e7da988 0000000000000000
0x000000016e7da7a0:   000000012e80a6a8 000000014de66400
0x000000016e7da7b0:   000000014de66400 000000014de55ab0
0x000000016e7da7c0:   000000016e7da800 0000000109fc28fc
0x000000016e7da7d0:   0000000000000001 000000014de66400
0x000000016e7da7e0:   000000012e80a6a8 000000014de66400
0x000000016e7da7f0:   0000000000000001 000000012e80a400
0x000000016e7da800:   000000016e7da840 0000000109ccd5f0
0x000000016e7da810:   000000016e7da988 000000014df56880
0x000000016e7da820:   000000014df76820 00000001e13529e3
0x000000016e7da830:   0000000000000000 000000014df76820
0x000000016e7da840:   000000016e7da870 0000000126f4a880
0x000000016e7da850:   d64489afd4500016 0000000000000000
0x000000016e7da860:   0000000000000000 000000014df664a0
0x000000016e7da870:   000000016e7da8b0 0000000197d9cc7c
0x000000016e7da880:   000000016e7da988 000000014df56880
0x000000016e7da890:   000000014df76820 d64489afd4500016
0x000000016e7da8a0:   0000000000000000 0000000000000000
0x000000016e7da8b0:   000000016e7da8f0 8b7b800197d69578
0x000000016e7da8c0:   000000016e7da988 000000010d4547c0
0x000000016e7da8d0:   0000000000000000 000000010a474458
0x000000016e7da8e0:   000000016e7da900 000000010d453730
0x000000016e7da8f0:   000000016e7da960 131480010d4558ac
0x000000016e7da900:   000000016e7da900 0000000127164d8d
0x000000016e7da910:   000000016e7da910 0000000000000000
0x000000016e7da920:   000000016e7da988 0000000127695780
0x000000016e7da930:   000000070f408570 0000000000000000
0x000000016e7da940:   0000000000000000 0000000127670488
0x000000016e7da950:   0000000000000000 000000016e7da960
0x000000016e7da960:   000000016e7da9e0 000000010d451fc8
0x000000016e7da970:   0000000000000000 0000000000000000 

Instructions: (pc=0x000000010d44d4f0)
0x000000010d44d3f0:   f2a14869 f2c00029 6d425935 1e640886
0x000000010d44d400:   0c402d31 1e6408c7 1f5654d0 1e6c1017
0x000000010d44d410:   1f5050d0 1f504cd0 1f5048d0 1e650af6
0x000000010d44d420:   1f50d8f6 1f5694d6 1f5158f6 1e762880
0x000000010d44d430:   36000501 1e614000 14000026 2e251ca5
0x000000010d44d440:   d2923009 f2a14869 f2c00029 6d425d36
0x000000010d44d450:   1e600806 0c402d32 1f5758c7 1e6c101a
0x000000010d44d460:   1f4754c7 1e650805 1f4750c7 d2866668
0x000000010d44d470:   f2a7fa68 1f474cc7 1e6608c0 1f4748c7
0x000000010d44d480:   1e6e1019 eb08007f 540000ac 1f479400
0x000000010d44d490:   1f460340 1e603b20 1400000e d2a7fd29
0x000000010d44d4a0:   eb09007f 540000ac 51480069 d3607d29
0x000000010d44d4b0:   9e670121 14000002 1e6a5001 1f679417
0x000000010d44d4c0:   1f668742 1e613b23 1e773857 1e773860
0x000000010d44d4d0:   a8c17ff3 910003bf a8c17bfd d65f03c0
0x000000010d44d4e0:   b9400001 aa0103e0 d65f03c0 f9400001
0x000000010d44d4f0:   aa0103e0 d65f03c0 00000000 00000000
0x000000010d44d500:   00000000 00000000 00000000 00000000
0x000000010d44d510:   00000000 00000000 00000000 00000000
0x000000010d44d520:   00000000 00000000 00000000 00000000
0x000000010d44d530:   00000000 00000000 00000000 00000000
0x000000010d44d540:   00000000 00000000 00000000 00000000
0x000000010d44d550:   00000000 00000000 00000000 00000000
0x000000010d44d560:   00000000 00000000 00000000 00000000
0x000000010d44d570:   00000000 00000000 00000000 00000000
0x000000010d44d580:   00000000 00000000 00000000 00000000
0x000000010d44d590:   00000000 00000000 00000000 00000000
0x000000010d44d5a0:   00000000 00000000 00000000 00000000
0x000000010d44d5b0:   00000000 00000000 00000000 00000000
0x000000010d44d5c0:   00000000 00000000 00000000 00000000
0x000000010d44d5d0:   00000000 00000000 00000000 00000000
0x000000010d44d5e0:   00000000 00000000 00000000 00000000 


Stack slot to memory mapping:
stack at sp + 0 slots: 0x0000000127695780 is pointing into metadata
stack at sp + 1 slots: 0x0000000000000001 is an unknown value
stack at sp + 2 slots: 0x000000016e7da988 is pointing into the stack for thread: 0x000000014e0e7000
stack at sp + 3 slots: 0x0 is NULL
stack at sp + 4 slots: 0x000000012e80a6a8 points into unknown readable memory: 0x000000010a4268a0 | a0 68 42 0a 01 00 00 00
stack at sp + 5 slots: 0x000000014de66400 is a global jni handle
stack at sp + 6 slots: 0x000000014de66400 is a global jni handle
stack at sp + 7 slots: 0x000000014de55ab0 points into unknown readable memory: 0x000000014de3fe60 | 60 fe e3 4d 01 00 00 00

StubRoutines::SafeFetchN [0x000000010d44d4ec, 0x000000010d44d4f8] (12 bytes)
[MachCode]
  0x000000010d44d4ec: 0100 40f9 | e003 01aa | c003 5fd6 
[/MachCode]

---------------  P R O C E S S  ---------------

Threads class SMR info:
_java_thread_list=0x000000014de10d20, length=17, elements={
0x000000014e808800, 0x000000014f808800, 0x000000014f80da00, 0x000000014e0e0400,
0x000000014e0de000, 0x000000014e80be00, 0x000000012e009a00, 0x000000014e0de600,
0x000000012e00a000, 0x000000014e809c00, 0x0000000158012200, 0x0000000158011a00,
0x0000000129843000, 0x000000014e0e7000, 0x000000012e80a400, 0x0000000158a4bc00,
0x000000014e901000
}

Java Threads: ( => current thread )
  0x000000014e808800 JavaThread "main" [_thread_blocked, id=9987, stack(0x000000016bbd0000,0x000000016bdd3000)]
  0x000000014f808800 JavaThread "Reference Handler" daemon [_thread_blocked, id=17411, stack(0x000000016ca24000,0x000000016cc27000)]
  0x000000014f80da00 JavaThread "Finalizer" daemon [_thread_blocked, id=16131, stack(0x000000016cc30000,0x000000016ce33000)]
  0x000000014e0e0400 JavaThread "Signal Dispatcher" daemon [_thread_blocked, id=42499, stack(0x000000016cf54000,0x000000016d157000)]
  0x000000014e0de000 JavaThread "Service Thread" daemon [_thread_blocked, id=23043, stack(0x000000016d160000,0x000000016d363000)]
  0x000000014e80be00 JavaThread "Monitor Deflation Thread" daemon [_thread_blocked, id=41731, stack(0x000000016d36c000,0x000000016d56f000)]
  0x000000012e009a00 JavaThread "C2 CompilerThread0" daemon [_thread_blocked, id=23299, stack(0x000000016d578000,0x000000016d77b000)]
  0x000000014e0de600 JavaThread "C1 CompilerThread0" daemon [_thread_blocked, id=41219, stack(0x000000016d784000,0x000000016d987000)]
  0x000000012e00a000 JavaThread "Sweeper thread" daemon [_thread_blocked, id=23811, stack(0x000000016d990000,0x000000016db93000)]
  0x000000014e809c00 JavaThread "Common-Cleaner" daemon [_thread_blocked, id=24323, stack(0x000000016db9c000,0x000000016dd9f000)]
  0x0000000158012200 JavaThread "C2 CompilerThread1" daemon [_thread_blocked, id=40451, stack(0x000000016dda8000,0x000000016dfab000)]
  0x0000000158011a00 JavaThread "Notification Thread" daemon [_thread_blocked, id=40195, stack(0x000000016dfb4000,0x000000016e1b7000)]
  0x0000000129843000 JavaThread "QuantumRenderer-0" daemon [_thread_blocked, id=39171, stack(0x000000016e3cc000,0x000000016e5cf000)]
=>0x000000014e0e7000 JavaThread "InvokeLaterDispatcher" daemon [_thread_in_native, id=29455, stack(0x000000016e5d8000,0x000000016e7db000)]
  0x000000012e80a400 JavaThread "JavaFX Application Thread" [_thread_in_vm, id=259, stack(0x000000016b348000,0x000000016bb44000)]
  0x0000000158a4bc00 JavaThread "PulseTimer-CVDisplayLink thread" daemon [_thread_in_native, id=51467, stack(0x000000016e7e4000,0x000000016e867000)]
  0x000000014e901000 JavaThread "JavaFX-Launcher" [_thread_blocked, id=78363, stack(0x000000016ea7c000,0x000000016ec7f000)]

Other Threads:
  0x000000014de5ab90 VMThread "VM Thread" [stack: 0x000000016c818000,0x000000016ca1b000] [id=15875]
  0x000000014f122070 WatcherThread [stack: 0x000000016e1c0000,0x000000016e3c3000] [id=39683]
  0x000000014f509f20 GCTaskThread "GC Thread#0" [stack: 0x000000016bddc000,0x000000016bfdf000] [id=20483]
  0x000000014f50add0 ConcurrentGCThread "G1 Main Marker" [stack: 0x000000016bfe8000,0x000000016c1eb000] [id=20227]
  0x000000014de16880 ConcurrentGCThread "G1 Conc#0" [stack: 0x000000016c1f4000,0x000000016c3f7000] [id=13827]
  0x000000014de30740 ConcurrentGCThread "G1 Refine#0" [stack: 0x000000016c400000,0x000000016c603000] [id=14339]
  0x000000014de314d0 ConcurrentGCThread "G1 Service" [stack: 0x000000016c60c000,0x000000016c80f000] [id=14595]

Threads with active compile tasks:

VM state: not at safepoint (normal execution)

VM Mutex/Monitor currently owned by a thread: None

Heap address: 0x0000000700000000, size: 4096 MB, Compressed Oops mode: Zero based, Oop shift amount: 3

CDS archive(s) not mapped
Compressed class space mapped at: 0x0000000800000000-0x0000000840000000, reserved size: 1073741824
Narrow klass base: 0x0000000800000000, Narrow klass shift: 0, Narrow klass range: 0x40000000

GC Precious Log:
 CPUs: 8 total, 8 available
 Memory: 16384M
 Large Page Support: Disabled
 NUMA Support: Disabled
 Compressed Oops: Enabled (Zero based)
 Heap Region Size: 2M
 Heap Min Capacity: 8M
 Heap Initial Capacity: 256M
 Heap Max Capacity: 4G
 Pre-touch: Disabled
 Parallel Workers: 8
 Concurrent Workers: 2
 Concurrent Refinement Workers: 8
 Periodic GC: Disabled

Heap:
 garbage-first heap   total 262144K, used 14336K [0x0000000700000000, 0x0000000800000000)
  region size 2048K, 8 young (16384K), 0 survivors (0K)
 Metaspace       used 9445K, committed 9664K, reserved 1064960K
  class space    used 1022K, committed 1152K, reserved 1048576K

Heap Regions: E=young(eden), S=young(survivor), O=old, HS=humongous(starts), HC=humongous(continues), CS=collection set, F=free, OA=open archive, CA=closed archive, TAMS=top-at-mark-start (previous, next)
|   0|0x0000000700000000, 0x0000000700000000, 0x0000000700200000|  0%| F|  |TAMS 0x0000000700000000, 0x0000000700000000| Untracked 
|   1|0x0000000700200000, 0x0000000700200000, 0x0000000700400000|  0%| F|  |TAMS 0x0000000700200000, 0x0000000700200000| Untracked 
|   2|0x0000000700400000, 0x0000000700400000, 0x0000000700600000|  0%| F|  |TAMS 0x0000000700400000, 0x0000000700400000| Untracked 
|   3|0x0000000700600000, 0x0000000700600000, 0x0000000700800000|  0%| F|  |TAMS 0x0000000700600000, 0x0000000700600000| Untracked 
|   4|0x0000000700800000, 0x0000000700800000, 0x0000000700a00000|  0%| F|  |TAMS 0x0000000700800000, 0x0000000700800000| Untracked 
|   5|0x0000000700a00000, 0x0000000700a00000, 0x0000000700c00000|  0%| F|  |TAMS 0x0000000700a00000, 0x0000000700a00000| Untracked 
|   6|0x0000000700c00000, 0x0000000700c00000, 0x0000000700e00000|  0%| F|  |TAMS 0x0000000700c00000, 0x0000000700c00000| Untracked 
|   7|0x0000000700e00000, 0x0000000700e00000, 0x0000000701000000|  0%| F|  |TAMS 0x0000000700e00000, 0x0000000700e00000| Untracked 
|   8|0x0000000701000000, 0x0000000701000000, 0x0000000701200000|  0%| F|  |TAMS 0x0000000701000000, 0x0000000701000000| Untracked 
|   9|0x0000000701200000, 0x0000000701200000, 0x0000000701400000|  0%| F|  |TAMS 0x0000000701200000, 0x0000000701200000| Untracked 
|  10|0x0000000701400000, 0x0000000701400000, 0x0000000701600000|  0%| F|  |TAMS 0x0000000701400000, 0x0000000701400000| Untracked 
|  11|0x0000000701600000, 0x0000000701600000, 0x0000000701800000|  0%| F|  |TAMS 0x0000000701600000, 0x0000000701600000| Untracked 
|  12|0x0000000701800000, 0x0000000701800000, 0x0000000701a00000|  0%| F|  |TAMS 0x0000000701800000, 0x0000000701800000| Untracked 
|  13|0x0000000701a00000, 0x0000000701a00000, 0x0000000701c00000|  0%| F|  |TAMS 0x0000000701a00000, 0x0000000701a00000| Untracked 
|  14|0x0000000701c00000, 0x0000000701c00000, 0x0000000701e00000|  0%| F|  |TAMS 0x0000000701c00000, 0x0000000701c00000| Untracked 
|  15|0x0000000701e00000, 0x0000000701e00000, 0x0000000702000000|  0%| F|  |TAMS 0x0000000701e00000, 0x0000000701e00000| Untracked 
|  16|0x0000000702000000, 0x0000000702000000, 0x0000000702200000|  0%| F|  |TAMS 0x0000000702000000, 0x0000000702000000| Untracked 
|  17|0x0000000702200000, 0x0000000702200000, 0x0000000702400000|  0%| F|  |TAMS 0x0000000702200000, 0x0000000702200000| Untracked 
|  18|0x0000000702400000, 0x0000000702400000, 0x0000000702600000|  0%| F|  |TAMS 0x0000000702400000, 0x0000000702400000| Untracked 
|  19|0x0000000702600000, 0x0000000702600000, 0x0000000702800000|  0%| F|  |TAMS 0x0000000702600000, 0x0000000702600000| Untracked 
|  20|0x0000000702800000, 0x0000000702800000, 0x0000000702a00000|  0%| F|  |TAMS 0x0000000702800000, 0x0000000702800000| Untracked 
|  21|0x0000000702a00000, 0x0000000702a00000, 0x0000000702c00000|  0%| F|  |TAMS 0x0000000702a00000, 0x0000000702a00000| Untracked 
|  22|0x0000000702c00000, 0x0000000702c00000, 0x0000000702e00000|  0%| F|  |TAMS 0x0000000702c00000, 0x0000000702c00000| Untracked 
|  23|0x0000000702e00000, 0x0000000702e00000, 0x0000000703000000|  0%| F|  |TAMS 0x0000000702e00000, 0x0000000702e00000| Untracked 
|  24|0x0000000703000000, 0x0000000703000000, 0x0000000703200000|  0%| F|  |TAMS 0x0000000703000000, 0x0000000703000000| Untracked 
|  25|0x0000000703200000, 0x0000000703200000, 0x0000000703400000|  0%| F|  |TAMS 0x0000000703200000, 0x0000000703200000| Untracked 
|  26|0x0000000703400000, 0x0000000703400000, 0x0000000703600000|  0%| F|  |TAMS 0x0000000703400000, 0x0000000703400000| Untracked 
|  27|0x0000000703600000, 0x0000000703600000, 0x0000000703800000|  0%| F|  |TAMS 0x0000000703600000, 0x0000000703600000| Untracked 
|  28|0x0000000703800000, 0x0000000703800000, 0x0000000703a00000|  0%| F|  |TAMS 0x0000000703800000, 0x0000000703800000| Untracked 
|  29|0x0000000703a00000, 0x0000000703a00000, 0x0000000703c00000|  0%| F|  |TAMS 0x0000000703a00000, 0x0000000703a00000| Untracked 
|  30|0x0000000703c00000, 0x0000000703c00000, 0x0000000703e00000|  0%| F|  |TAMS 0x0000000703c00000, 0x0000000703c00000| Untracked 
|  31|0x0000000703e00000, 0x0000000703e00000, 0x0000000704000000|  0%| F|  |TAMS 0x0000000703e00000, 0x0000000703e00000| Untracked 
|  32|0x0000000704000000, 0x0000000704000000, 0x0000000704200000|  0%| F|  |TAMS 0x0000000704000000, 0x0000000704000000| Untracked 
|  33|0x0000000704200000, 0x0000000704200000, 0x0000000704400000|  0%| F|  |TAMS 0x0000000704200000, 0x0000000704200000| Untracked 
|  34|0x0000000704400000, 0x0000000704400000, 0x0000000704600000|  0%| F|  |TAMS 0x0000000704400000, 0x0000000704400000| Untracked 
|  35|0x0000000704600000, 0x0000000704600000, 0x0000000704800000|  0%| F|  |TAMS 0x0000000704600000, 0x0000000704600000| Untracked 
|  36|0x0000000704800000, 0x0000000704800000, 0x0000000704a00000|  0%| F|  |TAMS 0x0000000704800000, 0x0000000704800000| Untracked 
|  37|0x0000000704a00000, 0x0000000704a00000, 0x0000000704c00000|  0%| F|  |TAMS 0x0000000704a00000, 0x0000000704a00000| Untracked 
|  38|0x0000000704c00000, 0x0000000704c00000, 0x0000000704e00000|  0%| F|  |TAMS 0x0000000704c00000, 0x0000000704c00000| Untracked 
|  39|0x0000000704e00000, 0x0000000704e00000, 0x0000000705000000|  0%| F|  |TAMS 0x0000000704e00000, 0x0000000704e00000| Untracked 
|  40|0x0000000705000000, 0x0000000705000000, 0x0000000705200000|  0%| F|  |TAMS 0x0000000705000000, 0x0000000705000000| Untracked 
|  41|0x0000000705200000, 0x0000000705200000, 0x0000000705400000|  0%| F|  |TAMS 0x0000000705200000, 0x0000000705200000| Untracked 
|  42|0x0000000705400000, 0x0000000705400000, 0x0000000705600000|  0%| F|  |TAMS 0x0000000705400000, 0x0000000705400000| Untracked 
|  43|0x0000000705600000, 0x0000000705600000, 0x0000000705800000|  0%| F|  |TAMS 0x0000000705600000, 0x0000000705600000| Untracked 
|  44|0x0000000705800000, 0x0000000705800000, 0x0000000705a00000|  0%| F|  |TAMS 0x0000000705800000, 0x0000000705800000| Untracked 
|  45|0x0000000705a00000, 0x0000000705a00000, 0x0000000705c00000|  0%| F|  |TAMS 0x0000000705a00000, 0x0000000705a00000| Untracked 
|  46|0x0000000705c00000, 0x0000000705c00000, 0x0000000705e00000|  0%| F|  |TAMS 0x0000000705c00000, 0x0000000705c00000| Untracked 
|  47|0x0000000705e00000, 0x0000000705e00000, 0x0000000706000000|  0%| F|  |TAMS 0x0000000705e00000, 0x0000000705e00000| Untracked 
|  48|0x0000000706000000, 0x0000000706000000, 0x0000000706200000|  0%| F|  |TAMS 0x0000000706000000, 0x0000000706000000| Untracked 
|  49|0x0000000706200000, 0x0000000706200000, 0x0000000706400000|  0%| F|  |TAMS 0x0000000706200000, 0x0000000706200000| Untracked 
|  50|0x0000000706400000, 0x0000000706400000, 0x0000000706600000|  0%| F|  |TAMS 0x0000000706400000, 0x0000000706400000| Untracked 
|  51|0x0000000706600000, 0x0000000706600000, 0x0000000706800000|  0%| F|  |TAMS 0x0000000706600000, 0x0000000706600000| Untracked 
|  52|0x0000000706800000, 0x0000000706800000, 0x0000000706a00000|  0%| F|  |TAMS 0x0000000706800000, 0x0000000706800000| Untracked 
|  53|0x0000000706a00000, 0x0000000706a00000, 0x0000000706c00000|  0%| F|  |TAMS 0x0000000706a00000, 0x0000000706a00000| Untracked 
|  54|0x0000000706c00000, 0x0000000706c00000, 0x0000000706e00000|  0%| F|  |TAMS 0x0000000706c00000, 0x0000000706c00000| Untracked 
|  55|0x0000000706e00000, 0x0000000706e00000, 0x0000000707000000|  0%| F|  |TAMS 0x0000000706e00000, 0x0000000706e00000| Untracked 
|  56|0x0000000707000000, 0x0000000707000000, 0x0000000707200000|  0%| F|  |TAMS 0x0000000707000000, 0x0000000707000000| Untracked 
|  57|0x0000000707200000, 0x0000000707200000, 0x0000000707400000|  0%| F|  |TAMS 0x0000000707200000, 0x0000000707200000| Untracked 
|  58|0x0000000707400000, 0x0000000707400000, 0x0000000707600000|  0%| F|  |TAMS 0x0000000707400000, 0x0000000707400000| Untracked 
|  59|0x0000000707600000, 0x0000000707600000, 0x0000000707800000|  0%| F|  |TAMS 0x0000000707600000, 0x0000000707600000| Untracked 
|  60|0x0000000707800000, 0x0000000707800000, 0x0000000707a00000|  0%| F|  |TAMS 0x0000000707800000, 0x0000000707800000| Untracked 
|  61|0x0000000707a00000, 0x0000000707a00000, 0x0000000707c00000|  0%| F|  |TAMS 0x0000000707a00000, 0x0000000707a00000| Untracked 
|  62|0x0000000707c00000, 0x0000000707c00000, 0x0000000707e00000|  0%| F|  |TAMS 0x0000000707c00000, 0x0000000707c00000| Untracked 
|  63|0x0000000707e00000, 0x0000000707e00000, 0x0000000708000000|  0%| F|  |TAMS 0x0000000707e00000, 0x0000000707e00000| Untracked 
|  64|0x0000000708000000, 0x0000000708000000, 0x0000000708200000|  0%| F|  |TAMS 0x0000000708000000, 0x0000000708000000| Untracked 
|  65|0x0000000708200000, 0x0000000708200000, 0x0000000708400000|  0%| F|  |TAMS 0x0000000708200000, 0x0000000708200000| Untracked 
|  66|0x0000000708400000, 0x0000000708400000, 0x0000000708600000|  0%| F|  |TAMS 0x0000000708400000, 0x0000000708400000| Untracked 
|  67|0x0000000708600000, 0x0000000708600000, 0x0000000708800000|  0%| F|  |TAMS 0x0000000708600000, 0x0000000708600000| Untracked 
|  68|0x0000000708800000, 0x0000000708800000, 0x0000000708a00000|  0%| F|  |TAMS 0x0000000708800000, 0x0000000708800000| Untracked 
|  69|0x0000000708a00000, 0x0000000708a00000, 0x0000000708c00000|  0%| F|  |TAMS 0x0000000708a00000, 0x0000000708a00000| Untracked 
|  70|0x0000000708c00000, 0x0000000708c00000, 0x0000000708e00000|  0%| F|  |TAMS 0x0000000708c00000, 0x0000000708c00000| Untracked 
|  71|0x0000000708e00000, 0x0000000708e00000, 0x0000000709000000|  0%| F|  |TAMS 0x0000000708e00000, 0x0000000708e00000| Untracked 
|  72|0x0000000709000000, 0x0000000709000000, 0x0000000709200000|  0%| F|  |TAMS 0x0000000709000000, 0x0000000709000000| Untracked 
|  73|0x0000000709200000, 0x0000000709200000, 0x0000000709400000|  0%| F|  |TAMS 0x0000000709200000, 0x0000000709200000| Untracked 
|  74|0x0000000709400000, 0x0000000709400000, 0x0000000709600000|  0%| F|  |TAMS 0x0000000709400000, 0x0000000709400000| Untracked 
|  75|0x0000000709600000, 0x0000000709600000, 0x0000000709800000|  0%| F|  |TAMS 0x0000000709600000, 0x0000000709600000| Untracked 
|  76|0x0000000709800000, 0x0000000709800000, 0x0000000709a00000|  0%| F|  |TAMS 0x0000000709800000, 0x0000000709800000| Untracked 
|  77|0x0000000709a00000, 0x0000000709a00000, 0x0000000709c00000|  0%| F|  |TAMS 0x0000000709a00000, 0x0000000709a00000| Untracked 
|  78|0x0000000709c00000, 0x0000000709c00000, 0x0000000709e00000|  0%| F|  |TAMS 0x0000000709c00000, 0x0000000709c00000| Untracked 
|  79|0x0000000709e00000, 0x0000000709e00000, 0x000000070a000000|  0%| F|  |TAMS 0x0000000709e00000, 0x0000000709e00000| Untracked 
|  80|0x000000070a000000, 0x000000070a000000, 0x000000070a200000|  0%| F|  |TAMS 0x000000070a000000, 0x000000070a000000| Untracked 
|  81|0x000000070a200000, 0x000000070a200000, 0x000000070a400000|  0%| F|  |TAMS 0x000000070a200000, 0x000000070a200000| Untracked 
|  82|0x000000070a400000, 0x000000070a400000, 0x000000070a600000|  0%| F|  |TAMS 0x000000070a400000, 0x000000070a400000| Untracked 
|  83|0x000000070a600000, 0x000000070a600000, 0x000000070a800000|  0%| F|  |TAMS 0x000000070a600000, 0x000000070a600000| Untracked 
|  84|0x000000070a800000, 0x000000070a800000, 0x000000070aa00000|  0%| F|  |TAMS 0x000000070a800000, 0x000000070a800000| Untracked 
|  85|0x000000070aa00000, 0x000000070aa00000, 0x000000070ac00000|  0%| F|  |TAMS 0x000000070aa00000, 0x000000070aa00000| Untracked 
|  86|0x000000070ac00000, 0x000000070ac00000, 0x000000070ae00000|  0%| F|  |TAMS 0x000000070ac00000, 0x000000070ac00000| Untracked 
|  87|0x000000070ae00000, 0x000000070ae00000, 0x000000070b000000|  0%| F|  |TAMS 0x000000070ae00000, 0x000000070ae00000| Untracked 
|  88|0x000000070b000000, 0x000000070b000000, 0x000000070b200000|  0%| F|  |TAMS 0x000000070b000000, 0x000000070b000000| Untracked 
|  89|0x000000070b200000, 0x000000070b200000, 0x000000070b400000|  0%| F|  |TAMS 0x000000070b200000, 0x000000070b200000| Untracked 
|  90|0x000000070b400000, 0x000000070b400000, 0x000000070b600000|  0%| F|  |TAMS 0x000000070b400000, 0x000000070b400000| Untracked 
|  91|0x000000070b600000, 0x000000070b600000, 0x000000070b800000|  0%| F|  |TAMS 0x000000070b600000, 0x000000070b600000| Untracked 
|  92|0x000000070b800000, 0x000000070b800000, 0x000000070ba00000|  0%| F|  |TAMS 0x000000070b800000, 0x000000070b800000| Untracked 
|  93|0x000000070ba00000, 0x000000070ba00000, 0x000000070bc00000|  0%| F|  |TAMS 0x000000070ba00000, 0x000000070ba00000| Untracked 
|  94|0x000000070bc00000, 0x000000070bc00000, 0x000000070be00000|  0%| F|  |TAMS 0x000000070bc00000, 0x000000070bc00000| Untracked 
|  95|0x000000070be00000, 0x000000070be00000, 0x000000070c000000|  0%| F|  |TAMS 0x000000070be00000, 0x000000070be00000| Untracked 
|  96|0x000000070c000000, 0x000000070c000000, 0x000000070c200000|  0%| F|  |TAMS 0x000000070c000000, 0x000000070c000000| Untracked 
|  97|0x000000070c200000, 0x000000070c200000, 0x000000070c400000|  0%| F|  |TAMS 0x000000070c200000, 0x000000070c200000| Untracked 
|  98|0x000000070c400000, 0x000000070c400000, 0x000000070c600000|  0%| F|  |TAMS 0x000000070c400000, 0x000000070c400000| Untracked 
|  99|0x000000070c600000, 0x000000070c600000, 0x000000070c800000|  0%| F|  |TAMS 0x000000070c600000, 0x000000070c600000| Untracked 
| 100|0x000000070c800000, 0x000000070c800000, 0x000000070ca00000|  0%| F|  |TAMS 0x000000070c800000, 0x000000070c800000| Untracked 
| 101|0x000000070ca00000, 0x000000070ca00000, 0x000000070cc00000|  0%| F|  |TAMS 0x000000070ca00000, 0x000000070ca00000| Untracked 
| 102|0x000000070cc00000, 0x000000070cc00000, 0x000000070ce00000|  0%| F|  |TAMS 0x000000070cc00000, 0x000000070cc00000| Untracked 
| 103|0x000000070ce00000, 0x000000070ce00000, 0x000000070d000000|  0%| F|  |TAMS 0x000000070ce00000, 0x000000070ce00000| Untracked 
| 104|0x000000070d000000, 0x000000070d000000, 0x000000070d200000|  0%| F|  |TAMS 0x000000070d000000, 0x000000070d000000| Untracked 
| 105|0x000000070d200000, 0x000000070d200000, 0x000000070d400000|  0%| F|  |TAMS 0x000000070d200000, 0x000000070d200000| Untracked 
| 106|0x000000070d400000, 0x000000070d400000, 0x000000070d600000|  0%| F|  |TAMS 0x000000070d400000, 0x000000070d400000| Untracked 
| 107|0x000000070d600000, 0x000000070d600000, 0x000000070d800000|  0%| F|  |TAMS 0x000000070d600000, 0x000000070d600000| Untracked 
| 108|0x000000070d800000, 0x000000070d800000, 0x000000070da00000|  0%| F|  |TAMS 0x000000070d800000, 0x000000070d800000| Untracked 
| 109|0x000000070da00000, 0x000000070da00000, 0x000000070dc00000|  0%| F|  |TAMS 0x000000070da00000, 0x000000070da00000| Untracked 
| 110|0x000000070dc00000, 0x000000070dc00000, 0x000000070de00000|  0%| F|  |TAMS 0x000000070dc00000, 0x000000070dc00000| Untracked 
| 111|0x000000070de00000, 0x000000070de00000, 0x000000070e000000|  0%| F|  |TAMS 0x000000070de00000, 0x000000070de00000| Untracked 
| 112|0x000000070e000000, 0x000000070e000000, 0x000000070e200000|  0%| F|  |TAMS 0x000000070e000000, 0x000000070e000000| Untracked 
| 113|0x000000070e200000, 0x000000070e200000, 0x000000070e400000|  0%| F|  |TAMS 0x000000070e200000, 0x000000070e200000| Untracked 
| 114|0x000000070e400000, 0x000000070e400000, 0x000000070e600000|  0%| F|  |TAMS 0x000000070e400000, 0x000000070e400000| Untracked 
| 115|0x000000070e600000, 0x000000070e600000, 0x000000070e800000|  0%| F|  |TAMS 0x000000070e600000, 0x000000070e600000| Untracked 
| 116|0x000000070e800000, 0x000000070e800000, 0x000000070ea00000|  0%| F|  |TAMS 0x000000070e800000, 0x000000070e800000| Untracked 
| 117|0x000000070ea00000, 0x000000070ea00000, 0x000000070ec00000|  0%| F|  |TAMS 0x000000070ea00000, 0x000000070ea00000| Untracked 
| 118|0x000000070ec00000, 0x000000070ec00000, 0x000000070ee00000|  0%| F|  |TAMS 0x000000070ec00000, 0x000000070ec00000| Untracked 
| 119|0x000000070ee00000, 0x000000070ee00000, 0x000000070f000000|  0%| F|  |TAMS 0x000000070ee00000, 0x000000070ee00000| Untracked 
| 120|0x000000070f000000, 0x000000070f0e1cb0, 0x000000070f200000| 44%| E|  |TAMS 0x000000070f000000, 0x000000070f000000| Complete 
| 121|0x000000070f200000, 0x000000070f400000, 0x000000070f400000|100%| E|CS|TAMS 0x000000070f200000, 0x000000070f200000| Complete 
| 122|0x000000070f400000, 0x000000070f600000, 0x000000070f600000|100%| E|CS|TAMS 0x000000070f400000, 0x000000070f400000| Complete 
| 123|0x000000070f600000, 0x000000070f800000, 0x000000070f800000|100%| E|CS|TAMS 0x000000070f600000, 0x000000070f600000| Complete 
| 124|0x000000070f800000, 0x000000070fa00000, 0x000000070fa00000|100%| E|CS|TAMS 0x000000070f800000, 0x000000070f800000| Complete 
| 125|0x000000070fa00000, 0x000000070fc00000, 0x000000070fc00000|100%| E|CS|TAMS 0x000000070fa00000, 0x000000070fa00000| Complete 
| 126|0x000000070fc00000, 0x000000070fe00000, 0x000000070fe00000|100%| E|CS|TAMS 0x000000070fc00000, 0x000000070fc00000| Complete 
| 127|0x000000070fe00000, 0x0000000710000000, 0x0000000710000000|100%| E|CS|TAMS 0x000000070fe00000, 0x000000070fe00000| Complete 

Card table byte_map: [0x0000000109000000,0x0000000109800000] _byte_map_base: 0x0000000105800000

Marking Bits (Prev, Next): (CMBitMap*) 0x0000000158824e10, (CMBitMap*) 0x0000000158824e50
 Prev Bits: [0x000000011cc4c000, 0x0000000120c4c000)
 Next Bits: [0x0000000120c4c000, 0x0000000124c4c000)

Polling page: 0x00000001044f0000

Metaspace:

Usage:
  Non-class:      8.23 MB used.
      Class:   1022.21 KB used.
       Both:      9.22 MB used.

Virtual space:
  Non-class space:       16.00 MB reserved,       8.31 MB ( 52%) committed,  2 nodes.
      Class space:        1.00 GB reserved,       1.12 MB ( <1%) committed,  1 nodes.
             Both:        1.02 GB reserved,       9.44 MB ( <1%) committed. 

Chunk freelists:
   Non-Class:  2.82 MB
       Class:  2.73 MB
        Both:  5.55 MB

MaxMetaspaceSize: unlimited
CompressedClassSpaceSize: 1.00 GB
Initial GC threshold: 21.00 MB
Current GC threshold: 21.00 MB
CDS: off
MetaspaceReclaimPolicy: balanced
 - commit_granule_bytes: 65536.
 - commit_granule_words: 8192.
 - virtual_space_node_default_size: 1048576.
 - enlarge_chunks_in_place: 1.
 - new_chunks_are_fully_committed: 0.
 - uncommit_free_chunks: 1.
 - use_allocation_guard: 0.
 - handle_deallocations: 1.


Internal statistics:

num_allocs_failed_limit: 0.
num_arena_births: 84.
num_arena_deaths: 0.
num_vsnodes_births: 3.
num_vsnodes_deaths: 0.
num_space_committed: 151.
num_space_uncommitted: 0.
num_chunks_returned_to_freelist: 0.
num_chunks_taken_from_freelist: 192.
num_chunk_merges: 0.
num_chunk_splits: 124.
num_chunks_enlarged: 91.
num_purges: 0.
num_inconsistent_stats: 0.

CodeHeap 'non-profiled nmethods': size=120032Kb used=234Kb max_used=234Kb free=119797Kb
 bounds [0x0000000114f14000, 0x0000000115184000, 0x000000011c44c000]
CodeHeap 'profiled nmethods': size=120016Kb used=1281Kb max_used=1281Kb free=118734Kb
 bounds [0x000000010d9e0000, 0x000000010dc50000, 0x0000000114f14000]
CodeHeap 'non-nmethods': size=5712Kb used=1187Kb max_used=1216Kb free=4524Kb
 bounds [0x000000010d44c000, 0x000000010d6bc000, 0x000000010d9e0000]
 total_blobs=1240 nmethods=738 adapters=419
 compilation: enabled
              stopped_count=0, restarted_count=0
 full_count=0

Compilation events (20 events):
Event: 0.310 Thread 0x000000014e0de600  739       3       java.util.Collections$UnmodifiableCollection$1::next (10 bytes)
Event: 0.311 Thread 0x000000014e0de600 nmethod 739 0x000000010db19d10 code [0x000000010db19ec0, 0x000000010db1a0d8]
Event: 0.311 Thread 0x000000014e0de600  742       3       java.lang.invoke.MemberName::getModifiers (8 bytes)
Event: 0.311 Thread 0x000000012e009a00 nmethod 740 0x0000000114f4ca10 code [0x0000000114f4cb80, 0x0000000114f4cc20]
Event: 0.311 Thread 0x000000014e0de600 nmethod 742 0x000000010db1a190 code [0x000000010db1a340, 0x000000010db1a468]
Event: 0.311 Thread 0x000000014e0de600  743       3       java.lang.invoke.MethodType::insertParameterTypes (121 bytes)
Event: 0.311 Thread 0x000000014e0de600 nmethod 743 0x000000010db1a510 code [0x000000010db1a880, 0x000000010db1b6f8]
Event: 0.311 Thread 0x000000014e0de600  745       3       jdk.internal.org.objectweb.asm.Type::getDescriptor (93 bytes)
Event: 0.311 Thread 0x000000014e0de600 nmethod 745 0x000000010db1bd10 code [0x000000010db1c000, 0x000000010db1c918]
Event: 0.312 Thread 0x000000014e0de600  749       3       sun.invoke.util.BytecodeDescriptor::unparseSig (49 bytes)
Event: 0.312 Thread 0x0000000158012200  750       4       java.lang.StringBuilder::append (8 bytes)
Event: 0.312 Thread 0x000000014e0de600 nmethod 749 0x000000010db1cc90 code [0x000000010db1cf00, 0x000000010db1d518]
Event: 0.312 Thread 0x000000014e0de600  751       3       java.lang.StringBuilder::append (8 bytes)
Event: 0.312 Thread 0x000000014e0de600 nmethod 751 0x000000010db1d790 code [0x000000010db1d940, 0x000000010db1dad8]
Event: 0.312 Thread 0x000000014e0de600  752       3       java.lang.AbstractStringBuilder::append (55 bytes)
Event: 0.312 Thread 0x000000014e0de600 nmethod 752 0x000000010db1db90 code [0x000000010db1dd80, 0x000000010db1e168]
Event: 0.312 Thread 0x000000014e0de600  753       3       jdk.internal.loader.BuiltinClassLoader::findLoadedModule (33 bytes)
Event: 0.312 Thread 0x000000012e009a00  756       4       java.lang.AbstractStringBuilder::putStringAt (12 bytes)
Event: 0.312 Thread 0x000000014e0de600 nmethod 753 0x000000010db1e310 code [0x000000010db1e580, 0x000000010db1ece8]
Event: 0.312 Thread 0x000000014e0de600  754       3       java.lang.invoke.MethodHandleNatives::isCallerSensitive (29 bytes)

GC Heap History (0 events):
No events

Deoptimization events (20 events):
Event: 0.087 Thread 0x000000014e808800 DEOPT PACKING pc=0x000000010da2041c sp=0x000000016bdd1210
Event: 0.087 Thread 0x000000014e808800 DEOPT UNPACKING pc=0x000000010d48ab7c sp=0x000000016bdd0e80 mode 0
Event: 0.087 Thread 0x000000014e808800 DEOPT PACKING pc=0x000000010da17964 sp=0x000000016bdd1180
Event: 0.087 Thread 0x000000014e808800 DEOPT UNPACKING pc=0x000000010d48ab7c sp=0x000000016bdd0e30 mode 0
Event: 0.146 Thread 0x0000000129843000 Uncommon trap: trap_request=0xffffff45 fr.pc=0x0000000114f24078 relative=0x0000000000000538
Event: 0.146 Thread 0x0000000129843000 Uncommon trap: reason=unstable_if action=reinterpret pc=0x0000000114f24078 method=jdk.internal.module.Checks.isJavaIdentifier(Ljava/lang/String;)Z @ 4 c2
Event: 0.146 Thread 0x0000000129843000 DEOPT PACKING pc=0x0000000114f24078 sp=0x000000016e5cdb50
Event: 0.146 Thread 0x0000000129843000 DEOPT UNPACKING pc=0x000000010d48ad1c sp=0x000000016e5cdae0 mode 2
Event: 0.153 Thread 0x0000000129843000 Uncommon trap: trap_request=0xffffff45 fr.pc=0x0000000114f2d9c0 relative=0x0000000000000a00
Event: 0.153 Thread 0x0000000129843000 Uncommon trap: reason=unstable_if action=reinterpret pc=0x0000000114f2d9c0 method=java.util.HashMap.putVal(ILjava/lang/Object;Ljava/lang/Object;ZZ)Ljava/lang/Object; @ 193 c2
Event: 0.153 Thread 0x0000000129843000 DEOPT PACKING pc=0x0000000114f2d9c0 sp=0x000000016e5cd750
Event: 0.153 Thread 0x0000000129843000 DEOPT UNPACKING pc=0x000000010d48ad1c sp=0x000000016e5cd6a0 mode 2
Event: 0.284 Thread 0x000000012e80a400 Uncommon trap: trap_request=0xffffff45 fr.pc=0x0000000114f45e24 relative=0x0000000000000164
Event: 0.284 Thread 0x000000012e80a400 Uncommon trap: reason=unstable_if action=reinterpret pc=0x0000000114f45e24 method=java.lang.invoke.VarHandle.checkExactAccessMode(Ljava/lang/invoke/VarHandle$AccessDescriptor;)V @ 4 c2
Event: 0.284 Thread 0x000000012e80a400 DEOPT PACKING pc=0x0000000114f45e24 sp=0x000000016bb3f1a0
Event: 0.284 Thread 0x000000012e80a400 DEOPT UNPACKING pc=0x000000010d48ad1c sp=0x000000016bb3f0d0 mode 2
Event: 0.308 Thread 0x000000012e80a400 Uncommon trap: trap_request=0xffffff45 fr.pc=0x0000000114f4593c relative=0x000000000000007c
Event: 0.308 Thread 0x000000012e80a400 Uncommon trap: reason=unstable_if action=reinterpret pc=0x0000000114f4593c method=jdk.internal.misc.Unsafe.convEndian(ZI)I @ 4 c2
Event: 0.308 Thread 0x000000012e80a400 DEOPT PACKING pc=0x0000000114f4593c sp=0x000000016bb3d9d0
Event: 0.308 Thread 0x000000012e80a400 DEOPT UNPACKING pc=0x000000010d48ad1c sp=0x000000016bb3d900 mode 2

Classes unloaded (0 events):
No events

Classes redefined (0 events):
No events

Internal exceptions (10 events):
Event: 0.060 Thread 0x000000014e808800 Exception <a 'java/lang/NoSuchMethodError'{0x000000070ff85708}: 'void java.lang.invoke.DirectMethodHandle$Holder.invokeVirtual(java.lang.Object, java.lang.Object)'> (0x000000070ff85708) 
thrown [../../src/hotspot/share/interpreter/linkResolver.cpp, line 766]
Event: 0.105 Thread 0x000000014e808800 Exception <a 'java/lang/NoSuchMethodError'{0x000000070fb10dc8}: 'java.lang.Object java.lang.invoke.DirectMethodHandle$Holder.invokeStaticInit(java.lang.Object)'> (0x000000070fb10dc8) 
thrown [../../src/hotspot/share/interpreter/linkResolver.cpp, line 766]
Event: 0.106 Thread 0x000000014e808800 Exception <a 'java/lang/NoSuchMethodError'{0x000000070fb1e380}: 'void java.lang.invoke.DirectMethodHandle$Holder.invokeStatic(java.lang.Object, java.lang.Object)'> (0x000000070fb1e380) 
thrown [../../src/hotspot/share/interpreter/linkResolver.cpp, line 766]
Event: 0.129 Thread 0x000000014e808800 Exception <a 'java/lang/NoSuchMethodError'{0x000000070f9b5f00}: 'void java.lang.invoke.DirectMethodHandle$Holder.invokeSpecial(java.lang.Object, java.lang.Object, java.lang.Object)'> (0x000000070f9b5f00) 
thrown [../../src/hotspot/share/interpreter/linkResolver.cpp, line 766]
Event: 0.134 Thread 0x000000014e808800 Exception <a 'java/lang/NoSuchMethodError'{0x000000070f9f5938}: 'void java.lang.invoke.DirectMethodHandle$Holder.invokeStatic(java.lang.Object, java.lang.Object, java.lang.Object)'> (0x000000070f9f5938) 
thrown [../../src/hotspot/share/interpreter/linkResolver.cpp, line 766]
Event: 0.199 Thread 0x000000014e808800 Exception <a 'java/lang/NoSuchMethodError'{0x000000070f7dcc10}: 'int java.lang.invoke.DirectMethodHandle$Holder.invokeStaticInit(java.lang.Object, java.lang.Object, java.lang.Object)'> (0x000000070f7dcc10) 
thrown [../../src/hotspot/share/interpreter/linkResolver.cpp, line 766]
Event: 0.300 Thread 0x000000012e80a400 Exception <a 'java/lang/NoSuchMethodError'{0x000000070f398838}: 'void java.lang.invoke.DirectMethodHandle$Holder.invokeStaticInit(java.lang.Object)'> (0x000000070f398838) 
thrown [../../src/hotspot/share/interpreter/linkResolver.cpp, line 766]
Event: 0.301 Thread 0x000000014e808800 Exception <a 'java/lang/NoSuchMethodError'{0x000000070f49af68}: 'java.lang.Object java.lang.invoke.DirectMethodHandle$Holder.newInvokeSpecial(java.lang.Object, java.lang.Object, java.lang.Object, java.lang.Object, java.lang.Object, java.lang.Object)'> (0x000000070f49af68) 
thrown [../../src/hotspot/share/interpreter/linkResolver.cpp, line 766]
Event: 0.311 Thread 0x000000014e808800 Exception <a 'java/lang/NoSuchMethodError'{0x000000070f4cbb48}: 'java.lang.Object java.lang.invoke.DirectMethodHandle$Holder.newInvokeSpecial(java.lang.Object, java.lang.Object, java.lang.Object, java.lang.Object, java.lang.Object)'> (0x000000070f4cbb48) 
thrown [../../src/hotspot/share/interpreter/linkResolver.cpp, line 766]
Event: 0.311 Thread 0x000000014e901000 Exception <a 'java/lang/NoSuchMethodError'{0x000000070f075108}: 'void java.lang.invoke.DirectMethodHandle$Holder.invokeStatic(java.lang.Object, java.lang.Object, java.lang.Object, java.lang.Object)'> (0x000000070f075108) 
thrown [../../src/hotspot/share/interpreter/linkResolver.cpp, line 766]

VM Operations (6 events):
Event: 0.090 Executing VM operation: HandshakeAllThreads
Event: 0.090 Executing VM operation: HandshakeAllThreads done
Event: 0.090 Executing VM operation: HandshakeAllThreads
Event: 0.090 Executing VM operation: HandshakeAllThreads done
Event: 0.297 Executing VM operation: ICBufferFull
Event: 0.297 Executing VM operation: ICBufferFull done

Events (20 events):
Event: 0.307 loading class java/lang/reflect/Proxy$ProxyBuilder$1
Event: 0.307 loading class java/lang/reflect/Proxy$ProxyBuilder$1 done
Event: 0.308 loading class java/lang/annotation/Target
Event: 0.308 loading class java/lang/annotation/Target done
Event: 0.308 loading class java/lang/Class$AnnotationData
Event: 0.308 loading class java/lang/Class$AnnotationData done
Event: 0.308 loading class sun/reflect/generics/repository/ClassRepository
Event: 0.308 loading class sun/reflect/generics/repository/GenericDeclRepository
Event: 0.308 loading class sun/reflect/generics/repository/AbstractRepository
Event: 0.308 loading class sun/reflect/generics/repository/AbstractRepository done
Event: 0.308 loading class sun/reflect/generics/repository/GenericDeclRepository done
Event: 0.308 loading class sun/reflect/generics/repository/ClassRepository done
Event: 0.308 loading class java/lang/Class$EnclosingMethodInfo
Event: 0.308 loading class java/lang/Class$EnclosingMethodInfo done
Event: 0.308 loading class java/util/Spliterators$ArraySpliterator
Event: 0.308 loading class java/util/Spliterators$ArraySpliterator done
Event: 0.310 loading class java/lang/StackTraceElement$HashedModules
Event: 0.310 loading class java/lang/StackTraceElement$HashedModules done
Event: 0.311 Thread 0x000000014e901000 Thread added: 0x000000014e901000
Event: 0.311 Protecting memory [0x000000016ea7c000,0x000000016ea88000] with protection modes 0


Dynamic libraries:
0x00000001043f0000 	/Users/OskarSMoe/.vscode/extensions/redhat.java-1.9.0-darwin-arm64/jre/17.0.3-macosx-aarch64/lib/libjli.dylib
0x00000001a178d000 	/usr/lib/libz.1.dylib
0x00000001a183d000 	/usr/lib/libSystem.B.dylib
0x00000001a1837000 	/usr/lib/system/libcache.dylib
0x00000001a17f5000 	/usr/lib/system/libcommonCrypto.dylib
0x00000001a181e000 	/usr/lib/system/libcompiler_rt.dylib
0x00000001a1815000 	/usr/lib/system/libcopyfile.dylib
0x0000000196b76000 	/usr/lib/system/libcorecrypto.dylib
0x0000000196c1b000 	/usr/lib/system/libdispatch.dylib
0x0000000196de3000 	/usr/lib/system/libdyld.dylib
0x00000001a182d000 	/usr/lib/system/libkeymgr.dylib
0x00000001a17d7000 	/usr/lib/system/libmacho.dylib
0x00000001a0ed7000 	/usr/lib/system/libquarantine.dylib
0x00000001a182a000 	/usr/lib/system/libremovefile.dylib
0x000000019bf75000 	/usr/lib/system/libsystem_asl.dylib
0x0000000196b20000 	/usr/lib/system/libsystem_blocks.dylib
0x0000000196ca1000 	/usr/lib/system/libsystem_c.dylib
0x00000001a1822000 	/usr/lib/system/libsystem_collections.dylib
0x00000001a0396000 	/usr/lib/system/libsystem_configuration.dylib
0x000000019f61a000 	/usr/lib/system/libsystem_containermanager.dylib
0x00000001a153e000 	/usr/lib/system/libsystem_coreservices.dylib
0x0000000199507000 	/usr/lib/system/libsystem_darwin.dylib
0x00000001a182e000 	/usr/lib/system/libsystem_dnssd.dylib
0x0000000196c9e000 	/usr/lib/system/libsystem_featureflags.dylib
0x0000000196df8000 	/usr/lib/system/libsystem_info.dylib
0x00000001a179f000 	/usr/lib/system/libsystem_m.dylib
0x0000000196bf0000 	/usr/lib/system/libsystem_malloc.dylib
0x000000019bf06000 	/usr/lib/system/libsystem_networkextension.dylib
0x000000019995b000 	/usr/lib/system/libsystem_notify.dylib
0x00000001a7a41000 	/usr/lib/system/libsystem_product_info_filter.dylib
0x00000001a039b000 	/usr/lib/system/libsystem_sandbox.dylib
0x00000001a1827000 	/usr/lib/system/libsystem_secinit.dylib
0x0000000196da0000 	/usr/lib/system/libsystem_kernel.dylib
0x0000000196df0000 	/usr/lib/system/libsystem_platform.dylib
0x0000000196dd6000 	/usr/lib/system/libsystem_pthread.dylib
0x000000019d6b2000 	/usr/lib/system/libsystem_symptoms.dylib
0x0000000196b5c000 	/usr/lib/system/libsystem_trace.dylib
0x00000001a1802000 	/usr/lib/system/libunwind.dylib
0x0000000196b22000 	/usr/lib/system/libxpc.dylib
0x0000000196d86000 	/usr/lib/libc++abi.dylib
0x0000000196c62000 	/usr/lib/libobjc.A.dylib
0x00000001a180d000 	/usr/lib/liboah.dylib
0x0000000196d22000 	/usr/lib/libc++.1.dylib
0x00000001ad442000 	/System/Library/Frameworks/Cocoa.framework/Versions/A/Cocoa
0x00000001999bb000 	/System/Library/Frameworks/AppKit.framework/Versions/C/AppKit
0x000000019cef1000 	/System/Library/Frameworks/CoreData.framework/Versions/A/CoreData
0x0000000197d18000 	/System/Library/Frameworks/Foundation.framework/Versions/C/Foundation
0x000000019a872000 	/System/Library/PrivateFrameworks/UIFoundation.framework/Versions/A/UIFoundation
0x00000001a773b000 	/System/Library/PrivateFrameworks/RemoteViewServices.framework/Versions/A/RemoteViewServices
0x000000019fd54000 	/System/Library/PrivateFrameworks/XCTTargetBootstrap.framework/Versions/A/XCTTargetBootstrap
0x00000001a353e000 	/System/Library/PrivateFrameworks/InternationalSupport.framework/Versions/A/InternationalSupport
0x00000001a35c7000 	/System/Library/PrivateFrameworks/UserActivity.framework/Versions/A/UserActivity
0x00000001a2a6c000 	/usr/lib/libspindump.dylib
0x000000019aae2000 	/System/Library/Frameworks/UniformTypeIdentifiers.framework/Versions/A/UniformTypeIdentifiers
0x000000019e2e1000 	/usr/lib/libapp_launch_measurement.dylib
0x000000019d859000 	/System/Library/PrivateFrameworks/CoreAnalytics.framework/Versions/A/CoreAnalytics
0x000000019e2e4000 	/System/Library/PrivateFrameworks/CoreAutoLayout.framework/Versions/A/CoreAutoLayout
0x000000019f657000 	/System/Library/Frameworks/Metal.framework/Versions/A/Metal
0x00000001a03a6000 	/usr/lib/liblangid.dylib
0x000000019fd58000 	/System/Library/PrivateFrameworks/CoreSVG.framework/Versions/A/CoreSVG
0x000000019bfa9000 	/System/Library/PrivateFrameworks/SkyLight.framework/Versions/A/SkyLight
0x000000019c376000 	/System/Library/Frameworks/CoreGraphics.framework/Versions/A/CoreGraphics
0x00000001a7db9000 	/System/Library/Frameworks/Accelerate.framework/Versions/A/Accelerate
0x00000001a24e0000 	/System/Library/PrivateFrameworks/IconServices.framework/Versions/A/IconServices
0x000000019f639000 	/System/Library/Frameworks/IOSurface.framework/Versions/A/IOSurface
0x000000019d889000 	/usr/lib/libDiagnosticMessagesClient.dylib
0x00000001ab202000 	/System/Library/Frameworks/ApplicationServices.framework/Versions/A/ApplicationServices
0x000000019fd3c000 	/System/Library/PrivateFrameworks/DFRFoundation.framework/Versions/A/DFRFoundation
0x000000019925c000 	/usr/lib/libicucore.A.dylib
0x00000001a433f000 	/System/Library/Frameworks/AudioToolbox.framework/Versions/A/AudioToolbox
0x00000001a354a000 	/System/Library/PrivateFrameworks/DataDetectorsCore.framework/Versions/A/DataDetectorsCore
0x00000001b9698000 	/System/Library/PrivateFrameworks/TextInput.framework/Versions/A/TextInput
0x000000019bf20000 	/usr/lib/libMobileGestalt.dylib
0x000000019fa0c000 	/System/Library/Frameworks/Carbon.framework/Versions/A/Frameworks/HIToolbox.framework/Versions/A/HIToolbox
0x000000019dcea000 	/System/Library/Frameworks/QuartzCore.framework/Versions/A/QuartzCore
0x0000000198ed9000 	/System/Library/Frameworks/Security.framework/Versions/A/Security
0x00000001a777b000 	/System/Library/Frameworks/Carbon.framework/Versions/A/Frameworks/SpeechRecognition.framework/Versions/A/SpeechRecognition
0x000000019e038000 	/System/Library/PrivateFrameworks/CoreUI.framework/Versions/A/CoreUI
0x00000001987aa000 	/System/Library/Frameworks/CoreAudio.framework/Versions/A/CoreAudio
0x000000019d97d000 	/System/Library/Frameworks/DiskArbitration.framework/Versions/A/DiskArbitration
0x00000001a2e51000 	/System/Library/PrivateFrameworks/MultitouchSupport.framework/Versions/A/MultitouchSupport
0x000000019bf1e000 	/usr/lib/libenergytrace.dylib
0x0000000199885000 	/System/Library/Frameworks/IOKit.framework/Versions/A/IOKit
0x00000001a7b64000 	/System/Library/Frameworks/CoreServices.framework/Versions/A/CoreServices
0x000000019e271000 	/System/Library/PrivateFrameworks/PerformanceAnalysis.framework/Versions/A/PerformanceAnalysis
0x00000001f8245000 	/System/Library/Frameworks/OpenGL.framework/Versions/A/OpenGL
0x00000001a0df7000 	/System/Library/PrivateFrameworks/MobileKeyBag.framework/Versions/A/MobileKeyBag
0x000000019c986000 	/System/Library/Frameworks/ColorSync.framework/Versions/A/ColorSync
0x0000000196e24000 	/System/Library/Frameworks/CoreFoundation.framework/Versions/A/CoreFoundation
0x000000019ffd9000 	/System/Library/Frameworks/CoreImage.framework/Versions/A/CoreImage
0x00000001985cd000 	/System/Library/Frameworks/CoreText.framework/Versions/A/CoreText
0x000000019fd88000 	/System/Library/Frameworks/ImageIO.framework/Versions/A/ImageIO
0x00000001a1843000 	/System/Library/PrivateFrameworks/SoftLinking.framework/Versions/A/SoftLinking
0x000000019e32e000 	/usr/lib/libxml2.2.dylib
0x00000001a1adc000 	/usr/lib/libcompression.dylib
0x00000001a3497000 	/System/Library/PrivateFrameworks/TextureIO.framework/Versions/A/TextureIO
0x00000001a21fa000 	/usr/lib/libate.dylib
0x00000001a20c2000 	/usr/lib/liblzma.5.dylib
0x0000000197a0c000 	/System/Library/Frameworks/SystemConfiguration.framework/Versions/A/SystemConfiguration
0x00000001a183f000 	/usr/lib/libfakelink.dylib
0x000000019ba4d000 	/System/Library/Frameworks/CFNetwork.framework/Versions/A/CFNetwork
0x00000001a1986000 	/usr/lib/libarchive.2.dylib
0x00000001a03a2000 	/System/Library/PrivateFrameworks/AppleSystemInfo.framework/Versions/A/AppleSystemInfo
0x00000001a0f02000 	/usr/lib/libbsm.0.dylib
0x000000019af85000 	/usr/lib/libnetwork.dylib
0x00000001a17dd000 	/usr/lib/system/libkxld.dylib
0x00000001a0b19000 	/System/Library/PrivateFrameworks/IOMobileFramebuffer.framework/Versions/A/IOMobileFramebuffer
0x0000000214076000 	/usr/lib/libCoreEntitlements.dylib
0x00000001a1520000 	/System/Library/PrivateFrameworks/AppleFSCompression.framework/Versions/A/AppleFSCompression
0x00000001a0eea000 	/usr/lib/libcoretls.dylib
0x00000001a20db000 	/usr/lib/libcoretls_cfhelpers.dylib
0x00000001a1ad7000 	/usr/lib/libpam.2.dylib
0x000000019d2da000 	/usr/lib/libsqlite3.dylib
0x00000001a2143000 	/usr/lib/libxar.1.dylib
0x00000001a1531000 	/usr/lib/libbz2.1.0.dylib
0x00000001a1844000 	/usr/lib/libpcap.A.dylib
0x000000019d6a9000 	/usr/lib/libdns_services.dylib
0x00000001a1aaa000 	/usr/lib/libapple_nghttp2.dylib
0x00000001a1881000 	/usr/lib/libiconv.2.dylib
0x00000001a17d6000 	/usr/lib/libcharset.1.dylib
0x000000019e2ad000 	/System/Library/Frameworks/CoreServices.framework/Versions/A/Frameworks/FSEvents.framework/Versions/A/FSEvents
0x0000000199512000 	/System/Library/Frameworks/CoreServices.framework/Versions/A/Frameworks/CarbonCore.framework/Versions/A/CarbonCore
0x000000019d8e0000 	/System/Library/Frameworks/CoreServices.framework/Versions/A/Frameworks/Metadata.framework/Versions/A/Metadata
0x00000001a1544000 	/System/Library/Frameworks/CoreServices.framework/Versions/A/Frameworks/OSServices.framework/Versions/A/OSServices
0x00000001a1a0c000 	/System/Library/Frameworks/CoreServices.framework/Versions/A/Frameworks/SearchKit.framework/Versions/A/SearchKit
0x000000019d637000 	/System/Library/Frameworks/CoreServices.framework/Versions/A/Frameworks/AE.framework/Versions/A/AE
0x0000000197368000 	/System/Library/Frameworks/CoreServices.framework/Versions/A/Frameworks/LaunchServices.framework/Versions/A/LaunchServices
0x00000001a206b000 	/System/Library/Frameworks/CoreServices.framework/Versions/A/Frameworks/DictionaryServices.framework/Versions/A/DictionaryServices
0x000000019e2ba000 	/System/Library/Frameworks/CoreServices.framework/Versions/A/Frameworks/SharedFileList.framework/Versions/A/SharedFileList
0x00000001a0eda000 	/usr/lib/libCheckFix.dylib
0x000000019bf8d000 	/System/Library/PrivateFrameworks/TCC.framework/Versions/A/TCC
0x00000001a03a8000 	/System/Library/PrivateFrameworks/CoreNLP.framework/Versions/A/CoreNLP
0x000000019d88c000 	/System/Library/PrivateFrameworks/MetadataUtilities.framework/Versions/A/MetadataUtilities
0x0000000197ac5000 	/usr/lib/libmecabra.dylib
0x00000001a0f13000 	/usr/lib/libmecab.dylib
0x0000000197a91000 	/usr/lib/libCRFSuite.dylib
0x00000001a0f71000 	/usr/lib/libgermantok.dylib
0x00000001a1a83000 	/usr/lib/libThaiTokenizer.dylib
0x000000019d985000 	/System/Library/Frameworks/Accelerate.framework/Versions/A/Frameworks/vImage.framework/Versions/A/vImage
0x00000001a7b3b000 	/System/Library/Frameworks/Accelerate.framework/Versions/A/Frameworks/vecLib.framework/Versions/A/vecLib
0x00000001a2187000 	/System/Library/Frameworks/Accelerate.framework/Versions/A/Frameworks/vecLib.framework/Versions/A/libvMisc.dylib
0x00000001a0a23000 	/System/Library/Frameworks/Accelerate.framework/Versions/A/Frameworks/vecLib.framework/Versions/A/libvDSP.dylib
0x00000001976eb000 	/System/Library/Frameworks/Accelerate.framework/Versions/A/Frameworks/vecLib.framework/Versions/A/libBLAS.dylib
0x00000001a1bab000 	/System/Library/Frameworks/Accelerate.framework/Versions/A/Frameworks/vecLib.framework/Versions/A/libLAPACK.dylib
0x00000001a0f74000 	/System/Library/Frameworks/Accelerate.framework/Versions/A/Frameworks/vecLib.framework/Versions/A/libLinearAlgebra.dylib
0x00000001a1ac2000 	/System/Library/Frameworks/Accelerate.framework/Versions/A/Frameworks/vecLib.framework/Versions/A/libSparseBLAS.dylib
0x00000001a1ba6000 	/System/Library/Frameworks/Accelerate.framework/Versions/A/Frameworks/vecLib.framework/Versions/A/libQuadrature.dylib
0x00000001a049f000 	/System/Library/Frameworks/Accelerate.framework/Versions/A/Frameworks/vecLib.framework/Versions/A/libBNNS.dylib
0x00000001979a9000 	/System/Library/Frameworks/Accelerate.framework/Versions/A/Frameworks/vecLib.framework/Versions/A/libSparse.dylib
0x00000001a0497000 	/System/Library/PrivateFrameworks/LinguisticData.framework/Versions/A/LinguisticData
0x000000019795f000 	/System/Library/PrivateFrameworks/Lexicon.framework/Versions/A/Lexicon
0x00000001a217f000 	/usr/lib/libChineseTokenizer.dylib
0x0000000198106000 	/System/Library/PrivateFrameworks/LanguageModeling.framework/Versions/A/LanguageModeling
0x00000001a1a85000 	/System/Library/PrivateFrameworks/AppleSauce.framework/Versions/A/AppleSauce
0x00000001a0b06000 	/System/Library/PrivateFrameworks/CoreEmoji.framework/Versions/A/CoreEmoji
0x00000001a1974000 	/usr/lib/libcmph.dylib
0x000000019e28d000 	/System/Library/Frameworks/OpenDirectory.framework/Versions/A/Frameworks/CFOpenDirectory.framework/Versions/A/CFOpenDirectory
0x000000019e27d000 	/System/Library/Frameworks/OpenDirectory.framework/Versions/A/OpenDirectory
0x00000001a20dd000 	/System/Library/PrivateFrameworks/APFS.framework/Versions/A/APFS
0x00000001a0e32000 	/System/Library/Frameworks/SecurityFoundation.framework/Versions/A/SecurityFoundation
0x00000001a2151000 	/usr/lib/libutil.dylib
0x0000000199847000 	/System/Library/PrivateFrameworks/CoreServicesStore.framework/Versions/A/CoreServicesStore
0x00000001a2155000 	/usr/lib/libxslt.1.dylib
0x00000001a0ec6000 	/System/Library/PrivateFrameworks/BackgroundTaskManagement.framework/Versions/A/BackgroundTaskManagement
0x00000001a33b8000 	/System/Library/Frameworks/ImageIO.framework/Versions/A/Resources/libRadiance.dylib
0x00000001a33c1000 	/System/Library/Frameworks/ImageIO.framework/Versions/A/Resources/libJPEG.dylib
0x00000001a3313000 	/System/Library/Frameworks/ImageIO.framework/Versions/A/Resources/libPng.dylib
0x00000001a3335000 	/System/Library/Frameworks/ImageIO.framework/Versions/A/Resources/libTIFF.dylib
0x00000001a341c000 	/System/Library/Frameworks/ImageIO.framework/Versions/A/Resources/libGIF.dylib
0x00000001a2d61000 	/System/Library/Frameworks/ImageIO.framework/Versions/A/Resources/libJP2.dylib
0x00000001a24a6000 	/usr/lib/libexpat.1.dylib
0x00000001a2d1c000 	/System/Library/PrivateFrameworks/AppleJPEG.framework/Versions/A/AppleJPEG
0x000000019f8cb000 	/System/Library/PrivateFrameworks/FontServices.framework/libFontParser.dylib
0x000000019d5dc000 	/System/Library/PrivateFrameworks/RunningBoardServices.framework/Versions/A/RunningBoardServices
0x00000001adab8000 	/System/Library/PrivateFrameworks/IOSurfaceAccelerator.framework/Versions/A/IOSurfaceAccelerator
0x00000001a2e4d000 	/System/Library/PrivateFrameworks/WatchdogClient.framework/Versions/A/WatchdogClient
0x000000019820a000 	/System/Library/Frameworks/CoreDisplay.framework/Versions/A/CoreDisplay
0x000000019f7b9000 	/System/Library/Frameworks/CoreMedia.framework/Versions/A/CoreMedia
0x000000019f64d000 	/System/Library/PrivateFrameworks/IOAccelerator.framework/Versions/A/IOAccelerator
0x000000019e41b000 	/System/Library/Frameworks/CoreVideo.framework/Versions/A/CoreVideo
0x00000001a1ad5000 	/System/Library/Frameworks/MetalPerformanceShaders.framework/Versions/A/MetalPerformanceShaders
0x00000001a2e8a000 	/System/Library/Frameworks/VideoToolbox.framework/Versions/A/VideoToolbox
0x000000019d520000 	/System/Library/PrivateFrameworks/BaseBoard.framework/Versions/A/BaseBoard
0x000000019d2bf000 	/System/Library/PrivateFrameworks/ProtocolBuffer.framework/Versions/A/ProtocolBuffer
0x00000001a33b3000 	/System/Library/PrivateFrameworks/GPUWrangler.framework/Versions/A/GPUWrangler
0x00000001a3392000 	/System/Library/PrivateFrameworks/IOPresentment.framework/Versions/A/IOPresentment
0x00000001a33bb000 	/System/Library/PrivateFrameworks/DSExternalDisplay.framework/Versions/A/DSExternalDisplay
0x00000001f8238000 	/System/Library/Frameworks/OpenGL.framework/Versions/A/Libraries/libCoreFSCache.dylib
0x0000000201a23000 	/System/Library/PrivateFrameworks/GPUCompiler.framework/Versions/31001/Libraries/libGPUCompilerUtils.dylib
0x00000001a3421000 	/System/Library/PrivateFrameworks/CMCaptureCore.framework/Versions/A/CMCaptureCore
0x00000001a2a5a000 	/System/Library/PrivateFrameworks/AppServerSupport.framework/Versions/A/AppServerSupport
0x00000001a4bfa000 	/System/Library/PrivateFrameworks/perfdata.framework/Versions/A/perfdata
0x000000019832a000 	/System/Library/PrivateFrameworks/AudioToolboxCore.framework/Versions/A/AudioToolboxCore
0x000000019f791000 	/System/Library/PrivateFrameworks/caulk.framework/Versions/A/caulk
0x00000001a44ef000 	/usr/lib/libAudioStatistics.dylib
0x00000001b5e0c000 	/System/Library/PrivateFrameworks/SystemPolicy.framework/Versions/A/SystemPolicy
0x00000001a474f000 	/usr/lib/libSMC.dylib
0x00000001ad324000 	/System/Library/Frameworks/CoreMIDI.framework/Versions/A/CoreMIDI
0x00000001a32e1000 	/usr/lib/libAudioToolboxUtility.dylib
0x00000001b2239000 	/System/Library/PrivateFrameworks/OSAServicesClient.framework/Versions/A/OSAServicesClient
0x00000001a4c07000 	/usr/lib/libperfcheck.dylib
0x00000001b6913000 	/usr/lib/libmis.dylib
0x00000001f8299000 	/System/Library/Frameworks/OpenGL.framework/Versions/A/Libraries/libGLU.dylib
0x00000001f8258000 	/System/Library/Frameworks/OpenGL.framework/Versions/A/Libraries/libGFXShared.dylib
0x00000001f8442000 	/System/Library/Frameworks/OpenGL.framework/Versions/A/Libraries/libGL.dylib
0x00000001f8261000 	/System/Library/Frameworks/OpenGL.framework/Versions/A/Libraries/libGLImage.dylib
0x00000001f8255000 	/System/Library/Frameworks/OpenGL.framework/Versions/A/Libraries/libCVMSPluginSupport.dylib
0x00000001f823f000 	/System/Library/Frameworks/OpenGL.framework/Versions/A/Libraries/libCoreVMClient.dylib
0x00000001a0323000 	/System/Library/Frameworks/MetalPerformanceShaders.framework/Versions/A/Frameworks/MPSCore.framework/Versions/A/MPSCore
0x00000001a1493000 	/System/Library/Frameworks/MetalPerformanceShaders.framework/Versions/A/Frameworks/MPSImage.framework/Versions/A/MPSImage
0x00000001a0f89000 	/System/Library/Frameworks/MetalPerformanceShaders.framework/Versions/A/Frameworks/MPSNeuralNetwork.framework/Versions/A/MPSNeuralNetwork
0x00000001a13c6000 	/System/Library/Frameworks/MetalPerformanceShaders.framework/Versions/A/Frameworks/MPSMatrix.framework/Versions/A/MPSMatrix
0x00000001a11a1000 	/System/Library/Frameworks/MetalPerformanceShaders.framework/Versions/A/Frameworks/MPSRayIntersector.framework/Versions/A/MPSRayIntersector
0x00000001a13f7000 	/System/Library/Frameworks/MetalPerformanceShaders.framework/Versions/A/Frameworks/MPSNDArray.framework/Versions/A/MPSNDArray
0x00000001f9f70000 	/System/Library/Frameworks/MetalPerformanceShaders.framework/Versions/A/Frameworks/MPSFunctions.framework/Versions/A/MPSFunctions
0x00000001975c9000 	/System/Library/PrivateFrameworks/MetalTools.framework/Versions/A/MetalTools
0x00000001a03a0000 	/System/Library/PrivateFrameworks/AggregateDictionary.framework/Versions/A/AggregateDictionary
0x00000001a228c000 	/usr/lib/libIOReport.dylib
0x00000001ac30b000 	/System/Library/PrivateFrameworks/ASEProcessing.framework/Versions/A/ASEProcessing
0x00000001a25ff000 	/System/Library/PrivateFrameworks/FaceCore.framework/Versions/A/FaceCore
0x00000001a25f1000 	/System/Library/PrivateFrameworks/GraphVisualizer.framework/Versions/A/GraphVisualizer
0x000000020193a000 	/System/Library/PrivateFrameworks/FontServices.framework/Versions/A/FontServices
0x00000001a2a14000 	/System/Library/PrivateFrameworks/OTSVG.framework/Versions/A/OTSVG
0x000000019dfe9000 	/System/Library/Frameworks/ApplicationServices.framework/Versions/A/Frameworks/ATS.framework/Versions/A/Resources/libFontRegistry.dylib
0x00000001a2a63000 	/System/Library/PrivateFrameworks/FontServices.framework/libhvf.dylib
0x000000020193b000 	/System/Library/PrivateFrameworks/FontServices.framework/libXTFontStaticRegistryData.dylib
0x00000001f85e4000 	/System/Library/Frameworks/OpenCL.framework/Versions/A/OpenCL
0x00000001a245a000 	/System/Library/PrivateFrameworks/AppleVA.framework/Versions/A/AppleVA
0x00000001a4517000 	/System/Library/Frameworks/ApplicationServices.framework/Versions/A/Frameworks/ATS.framework/Versions/A/ATS
0x000000019ca83000 	/System/Library/Frameworks/ApplicationServices.framework/Versions/A/Frameworks/HIServices.framework/Versions/A/HIServices
0x00000001a342b000 	/System/Library/Frameworks/ApplicationServices.framework/Versions/A/Frameworks/PrintCore.framework/Versions/A/PrintCore
0x00000001a48a2000 	/System/Library/Frameworks/ApplicationServices.framework/Versions/A/Frameworks/QD.framework/Versions/A/QD
0x00000001a489a000 	/System/Library/Frameworks/ApplicationServices.framework/Versions/A/Frameworks/ColorSyncLegacy.framework/Versions/A/ColorSyncLegacy
0x00000001a4503000 	/System/Library/Frameworks/ApplicationServices.framework/Versions/A/Frameworks/SpeechSynthesis.framework/Versions/A/SpeechSynthesis
0x00000001a33ec000 	/System/Library/Frameworks/ApplicationServices.framework/Versions/A/Frameworks/ATSUI.framework/Versions/A/ATSUI
0x00000001a482f000 	/usr/lib/libcups.2.dylib
0x00000001a4c15000 	/System/Library/Frameworks/Kerberos.framework/Versions/A/Kerberos
0x00000001a4c26000 	/System/Library/Frameworks/GSS.framework/Versions/A/GSS
0x00000001a4586000 	/usr/lib/libresolv.9.dylib
0x00000001a2a71000 	/System/Library/PrivateFrameworks/Heimdal.framework/Versions/A/Heimdal
0x00000001ab57a000 	/System/Library/Frameworks/Kerberos.framework/Versions/A/Libraries/libHeimdalProxy.dylib
0x000000019d6bb000 	/System/Library/Frameworks/Network.framework/Versions/A/Network
0x00000001a24c1000 	/usr/lib/libheimdal-asn1.dylib
0x00000001a4c6c000 	/System/Library/PrivateFrameworks/CommonAuth.framework/Versions/A/CommonAuth
0x00000001a447d000 	/System/Library/PrivateFrameworks/AudioSession.framework/Versions/A/AudioSession
0x00000001a2552000 	/System/Library/PrivateFrameworks/MediaExperience.framework/Versions/A/MediaExperience
0x00000001a4305000 	/System/Library/PrivateFrameworks/AudioSession.framework/libSessionUtility.dylib
0x00000001a48ae000 	/System/Library/PrivateFrameworks/AudioResourceArbitration.framework/Versions/A/AudioResourceArbitration
0x00000001a89b9000 	/System/Library/PrivateFrameworks/PowerLog.framework/Versions/A/PowerLog
0x00000001a24ca000 	/System/Library/PrivateFrameworks/IconFoundation.framework/Versions/A/IconFoundation
0x00000001a7767000 	/System/Library/PrivateFrameworks/SpeechRecognitionCore.framework/Versions/A/SpeechRecognitionCore
0x0000000109808000 	/Users/OskarSMoe/.vscode/extensions/redhat.java-1.9.0-darwin-arm64/jre/17.0.3-macosx-aarch64/lib/server/libjvm.dylib
0x0000000104504000 	/Users/OskarSMoe/.vscode/extensions/redhat.java-1.9.0-darwin-arm64/jre/17.0.3-macosx-aarch64/lib/libjimage.dylib
0x000000010458c000 	/Users/OskarSMoe/.vscode/extensions/redhat.java-1.9.0-darwin-arm64/jre/17.0.3-macosx-aarch64/lib/libjava.dylib
0x0000000126c4c000 	/Users/OskarSMoe/.vscode/extensions/redhat.java-1.9.0-darwin-arm64/jre/17.0.3-macosx-aarch64/lib/libzip.dylib
0x0000000126c84000 	/Users/OskarSMoe/.vscode/extensions/redhat.java-1.9.0-darwin-arm64/jre/17.0.3-macosx-aarch64/lib/libnio.dylib
0x0000000126cc8000 	/Users/OskarSMoe/.vscode/extensions/redhat.java-1.9.0-darwin-arm64/jre/17.0.3-macosx-aarch64/lib/libnet.dylib
0x0000000126c64000 	/Users/OskarSMoe/.openjfx/cache/17-ea/libprism_es2.dylib
0x000000019980a000 	/System/Library/PrivateFrameworks/CoreServicesInternal.framework/Versions/A/CoreServicesInternal
0x00000001f844c000 	/System/Library/Frameworks/OpenGL.framework/Versions/A/Resources/GLEngine.bundle/GLEngine
0x00000001f82d3000 	/System/Library/Frameworks/OpenGL.framework/Versions/A/Libraries/libGLProgrammability.dylib
0x0000000126ea8000 	/System/Library/Extensions/AppleMetalOpenGLRenderer.bundle/Contents/MacOS/AppleMetalOpenGLRenderer
0x00000001f85bb000 	/System/Library/Frameworks/OpenGL.framework/Versions/A/Resources/GLRendererFloat.bundle/GLRendererFloat
0x00000001dc454000 	/System/Library/Extensions/AGXMetalG13X.bundle/Contents/MacOS/AGXMetalG13X
0x00000001b692f000 	/System/Library/PrivateFrameworks/GPURawCounter.framework/Versions/A/GPURawCounter
0x00000001b13bd000 	/System/Library/PrivateFrameworks/IOGPU.framework/Versions/A/IOGPU
0x0000000126f40000 	/Users/OskarSMoe/.openjfx/cache/17-ea/libglass.dylib
0x00000001a8c0d000 	/System/Library/Frameworks/FileProvider.framework/Versions/A/FileProvider
0x000000019d488000 	/System/Library/Frameworks/Accounts.framework/Versions/A/Accounts
0x00000001a8d8d000 	/System/Library/PrivateFrameworks/GenerationalStorage.framework/Versions/A/GenerationalStorage
0x00000001a9943000 	/System/Library/PrivateFrameworks/CoreSymbolication.framework/Versions/A/CoreSymbolication
0x00000001a89ad000 	/System/Library/PrivateFrameworks/SymptomDiagnosticReporter.framework/Versions/A/SymptomDiagnosticReporter
0x000000019aaf6000 	/System/Library/PrivateFrameworks/DesktopServicesPriv.framework/Versions/A/DesktopServicesPriv
0x000000019996a000 	/usr/lib/libsandbox.1.dylib
0x000000019e4a8000 	/System/Library/PrivateFrameworks/UserManagement.framework/Versions/A/UserManagement
0x00000001a9904000 	/System/Library/PrivateFrameworks/DebugSymbols.framework/Versions/A/DebugSymbols
0x00000001a488d000 	/System/Library/PrivateFrameworks/NetAuth.framework/Versions/A/NetAuth
0x00000001a5790000 	/System/Library/PrivateFrameworks/Sharing.framework/Versions/A/Sharing
0x000000019e478000 	/System/Library/PrivateFrameworks/login.framework/Versions/A/Frameworks/loginsupport.framework/Versions/A/loginsupport
0x00000001aaabc000 	/System/Library/PrivateFrameworks/Apple80211.framework/Versions/A/Apple80211
0x00000001a1577000 	/System/Library/PrivateFrameworks/AuthKit.framework/Versions/A/AuthKit
0x00000001a0c05000 	/System/Library/PrivateFrameworks/CoreUtils.framework/Versions/A/CoreUtils
0x00000001a0b25000 	/System/Library/Frameworks/CoreWLAN.framework/Versions/A/CoreWLAN
0x00000001a58fa000 	/System/Library/Frameworks/IOBluetooth.framework/Versions/A/IOBluetooth
0x00000001aab1c000 	/System/Library/PrivateFrameworks/CoreWiFi.framework/Versions/A/CoreWiFi
0x00000001a94eb000 	/System/Library/PrivateFrameworks/FrontBoardServices.framework/Versions/A/FrontBoardServices
0x00000001a9583000 	/System/Library/PrivateFrameworks/BoardServices.framework/Versions/A/BoardServices
0x00000001a0e20000 	/System/Library/PrivateFrameworks/AssertionServices.framework/Versions/A/AssertionServices
0x00000001aac8a000 	/System/Library/PrivateFrameworks/BackBoardServices.framework/Versions/A/BackBoardServices
0x00000001a4cff000 	/System/Library/PrivateFrameworks/CorePhoneNumbers.framework/Versions/A/CorePhoneNumbers
0x00000001a8add000 	/System/Library/PrivateFrameworks/DiskManagement.framework/Versions/A/DiskManagement
0x00000001a89e0000 	/System/Library/PrivateFrameworks/AppleIDAuthSupport.framework/Versions/A/AppleIDAuthSupport
0x00000001fc25a000 	/System/Library/PrivateFrameworks/AAAFoundation.framework/Versions/A/AAAFoundation
0x00000001a4cde000 	/System/Library/PrivateFrameworks/KeychainCircle.framework/Versions/A/KeychainCircle
0x00000001a8aa9000 	/System/Library/PrivateFrameworks/MediaKit.framework/Versions/A/MediaKit
0x00000001a89ed000 	/System/Library/Frameworks/DiscRecording.framework/Versions/A/DiscRecording
0x00000001a23d6000 	/usr/lib/libCoreStorage.dylib
0x00000001aaf86000 	/usr/lib/libcsfde.dylib
0x00000001a59cf000 	/System/Library/PrivateFrameworks/ProtectedCloudStorage.framework/Versions/A/ProtectedCloudStorage
0x00000001aaf7e000 	/System/Library/PrivateFrameworks/EFILogin.framework/Versions/A/EFILogin
0x00000001a8db4000 	/System/Library/PrivateFrameworks/OctagonTrust.framework/Versions/A/OctagonTrust
0x0000000200b86000 	/System/Library/PrivateFrameworks/CoreUtilsExtras.framework/Versions/A/CoreUtilsExtras
0x00000001a8922000 	/System/Library/Frameworks/CoreBluetooth.framework/Versions/A/CoreBluetooth
0x00000001ab5ff000 	/System/Library/Frameworks/AudioUnit.framework/Versions/A/AudioUnit
0x00000001a23ce000 	/usr/lib/libMatch.1.dylib
0x00000001bac25000 	/System/Library/Frameworks/Accelerate.framework/Versions/A/Frameworks/vImage.framework/Versions/A/Libraries/libCGInterfaces.dylib
0x000000012b86c000 	/usr/lib/libobjc-trampolines.dylib
0x000000019e175000 	/System/Library/PrivateFrameworks/ViewBridge.framework/Versions/A/ViewBridge
0x00000001a2295000 	/System/Library/PrivateFrameworks/CrashReporterSupport.framework/Versions/A/CrashReporterSupport
0x00000001c25ee000 	/System/Library/PrivateFrameworks/OSAnalytics.framework/Versions/A/OSAnalytics
0x00000001cd62f000 	/System/Library/PrivateFrameworks/Symbolication.framework/Versions/A/Symbolication
0x00000001b68f0000 	/System/Library/PrivateFrameworks/MallocStackLogging.framework/Versions/A/MallocStackLogging


VM Arguments:
jvm_args: -XX:+ShowCodeDetailsInExceptionMessages -Dfile.encoding=UTF-8 --module-path=/Users/OskarSMoe/Desktop/TDT4100_prosjekt_tallakr-main 2/target/classes:/Users/OskarSMoe/.m2/repository/org/openjfx/javafx-fxml/17-ea+8/javafx-fxml-17-ea+8-mac-aarch64.jar:/Users/OskarSMoe/.m2/repository/org/openjfx/javafx-controls/17-ea+8/javafx-controls-17-ea+8-mac-aarch64.jar:/Users/OskarSMoe/.m2/repository/org/openjfx/javafx-graphics/17-ea+8/javafx-graphics-17-ea+8-mac-aarch64.jar:/Users/OskarSMoe/.m2/repository/org/openjfx/javafx-base/17-ea+8/javafx-base-17-ea+8-mac-aarch64.jar -Djdk.module.main=TDT4100_project 
java_command: TDT4100_project/tdt4100_gg_prosjekt.BlackJackApp
java_class_path (initial): /Users/OskarSMoe/.m2/repository/org/openjfx/javafx-fxml/17-ea+8/javafx-fxml-17-ea+8.jar:/Users/OskarSMoe/.m2/repository/org/openjfx/javafx-controls/17-ea+8/javafx-controls-17-ea+8.jar:/Users/OskarSMoe/.m2/repository/org/openjfx/javafx-graphics/17-ea+8/javafx-graphics-17-ea+8.jar:/Users/OskarSMoe/.m2/repository/org/openjfx/javafx-base/17-ea+8/javafx-base-17-ea+8.jar:/Users/OskarSMoe/.m2/repository/org/junit/jupiter/junit-jupiter-engine/5.7.0/junit-jupiter-engine-5.7.0.jar:/Users/OskarSMoe/.m2/repository/org/apiguardian/apiguardian-api/1.1.0/apiguardian-api-1.1.0.jar:/Users/OskarSMoe/.m2/repository/org/junit/platform/junit-platform-engine/1.7.0/junit-platform-engine-1.7.0.jar:/Users/OskarSMoe/.m2/repository/org/opentest4j/opentest4j/1.2.0/opentest4j-1.2.0.jar:/Users/OskarSMoe/.m2/repository/org/junit/platform/junit-platform-commons/1.7.0/junit-platform-commons-1.7.0.jar:/Users/OskarSMoe/.m2/repository/org/junit/jupiter/junit-jupiter-api/5.7.0/junit-jupiter-api-5.7.0.jar
Launcher Type: SUN_STANDARD

[Global flags]
     intx CICompilerCount                          = 4                                         {product} {ergonomic}
     uint ConcGCThreads                            = 2                                         {product} {ergonomic}
     uint G1ConcRefinementThreads                  = 8                                         {product} {ergonomic}
   size_t G1HeapRegionSize                         = 2097152                                   {product} {ergonomic}
    uintx GCDrainStackTargetSize                   = 64                                        {product} {ergonomic}
   size_t InitialHeapSize                          = 268435456                                 {product} {ergonomic}
   size_t MarkStackSize                            = 4194304                                   {product} {ergonomic}
   size_t MaxHeapSize                              = 4294967296                                {product} {ergonomic}
   size_t MaxNewSize                               = 2575302656                                {product} {ergonomic}
   size_t MinHeapDeltaBytes                        = 2097152                                   {product} {ergonomic}
   size_t MinHeapSize                              = 8388608                                   {product} {ergonomic}
    uintx NonNMethodCodeHeapSize                   = 5839564                                {pd product} {ergonomic}
    uintx NonProfiledCodeHeapSize                  = 122909338                              {pd product} {ergonomic}
    uintx ProfiledCodeHeapSize                     = 122909338                              {pd product} {ergonomic}
    uintx ReservedCodeCacheSize                    = 251658240                              {pd product} {ergonomic}
     bool SegmentedCodeCache                       = true                                      {product} {ergonomic}
     bool ShowCodeDetailsInExceptionMessages       = true                                   {manageable} {command line}
   size_t SoftMaxHeapSize                          = 4294967296                             {manageable} {ergonomic}
     bool UseCompressedClassPointers               = true                           {product lp64_product} {ergonomic}
     bool UseCompressedOops                        = true                           {product lp64_product} {ergonomic}
     bool UseG1GC                                  = true                                      {product} {ergonomic}
     bool UseNUMA                                  = false                                     {product} {ergonomic}
     bool UseNUMAInterleaving                      = false                                     {product} {ergonomic}

Logging:
Log output configuration:
 #0: stdout all=warning uptime,level,tags
 #1: stderr all=off uptime,level,tags

Environment Variables:
JAVA_HOME=/Users/OskarSMoe/.sdkman/candidates/java/current
PATH=/Users/OskarSMoe/.sdkman/candidates/maven/current/bin:/Users/OskarSMoe/.sdkman/candidates/java/current/bin:/usr/local/bin:/usr/bin:/bin:/usr/sbin:/sbin:/Applications/Wireshark.app/Contents/MacOS
SHELL=/bin/zsh

Signal Handlers:
   SIGSEGV: _ZL13crash_handleriP9__siginfoPv in libjvm.dylib, mask=11100110000111110111111111111111, flags=SA_RESTART|SA_SIGINFO
    SIGBUS: _ZL13crash_handleriP9__siginfoPv in libjvm.dylib, mask=11100110000111110111111111111111, flags=SA_RESTART|SA_SIGINFO
    SIGFPE: _ZL13crash_handleriP9__siginfoPv in libjvm.dylib, mask=11100110000111110111111111111111, flags=SA_RESTART|SA_SIGINFO
   SIGPIPE: _ZL17javaSignalHandleriP9__siginfoPv in libjvm.dylib, mask=11100110000111110111111111111111, flags=SA_RESTART|SA_SIGINFO
   SIGXFSZ: _ZL17javaSignalHandleriP9__siginfoPv in libjvm.dylib, mask=11100110000111110111111111111111, flags=SA_RESTART|SA_SIGINFO
    SIGILL: _ZL13crash_handleriP9__siginfoPv in libjvm.dylib, mask=11100110000111110111111111111111, flags=SA_RESTART|SA_SIGINFO
   SIGUSR2: _ZL10SR_handleriP9__siginfoP17__darwin_ucontext in libjvm.dylib, mask=00100000000000000000000000000000, flags=SA_RESTART|SA_SIGINFO
    SIGHUP: _ZL11UserHandleriPvS_ in libjvm.dylib, mask=11100110000111110111111111111111, flags=SA_RESTART|SA_SIGINFO
    SIGINT: _ZL11UserHandleriPvS_ in libjvm.dylib, mask=11100110000111110111111111111111, flags=SA_RESTART|SA_SIGINFO
   SIGTERM: _ZL11UserHandleriPvS_ in libjvm.dylib, mask=11100110000111110111111111111111, flags=SA_RESTART|SA_SIGINFO
   SIGQUIT: _ZL11UserHandleriPvS_ in libjvm.dylib, mask=11100110000111110111111111111111, flags=SA_RESTART|SA_SIGINFO
  *** Handler was modified!
  *** Expected: _ZL17javaSignalHandleriP9__siginfoPv in libjvm.dylib, mask=11100110100111111111111111111111, flags=SA_RESTART|SA_SIGINFO
   SIGTRAP: _ZL13crash_handleriP9__siginfoPv in libjvm.dylib, mask=11100110000111110111111111111111, flags=SA_RESTART|SA_SIGINFO


---------------  S Y S T E M  ---------------

OS:
uname: Darwin 21.3.0 Darwin Kernel Version 21.3.0: Wed Jan  5 21:37:58 PST 2022; root:xnu-8019.80.24~20/RELEASE_ARM64_T6000 arm64
OS uptime: 122 days 16:56 hours
rlimit (soft/hard): STACK 8176k/65520k , CORE 0k/infinity , NPROC 2666/4000 , NOFILE 10240/infinity , AS infinity/infinity , CPU infinity/infinity , DATA infinity/infinity , FSIZE infinity/infinity , MEMLOCK infinity/infinity , RSS infinity/infinity
load average: 2.58 3.40 5.60

CPU: total 8 (initial active 8) 0x61:0x0:0x1b588bb3:0, fp, simd, crc, lse

Memory: 16k page, physical 16777216k(547968k free), swap 1048576k(849920k free)

vm_info: OpenJDK 64-Bit Server VM (17.0.3+7) for bsd-aarch64 JRE (17.0.3+7), built on Apr 19 2022 22:59:25 by "jenkins" with clang Apple LLVM 12.0.0 (clang-1200.0.32.29)

END.
